
*** Running vivado
    with args -log angle_CORDIC.vds -m64 -product Vivado -mode batch -messageDb vivado.pb -notrace -source angle_CORDIC.tcl


****** Vivado v2018.3 (64-bit)
  **** SW Build 2405991 on Thu Dec  6 23:38:27 MST 2018
  **** IP Build 2404404 on Fri Dec  7 01:43:56 MST 2018
    ** Copyright 1986-2018 Xilinx, Inc. All Rights Reserved.

source angle_CORDIC.tcl -notrace
Command: synth_design -top angle_CORDIC -part xc7z010clg400-1 -mode out_of_context
Starting synth_design
Attempting to get a license for feature 'Synthesis' and/or device 'xc7z010'
INFO: [Common 17-349] Got license for feature 'Synthesis' and/or device 'xc7z010'
INFO: Launching helper process for spawning children vivado processes
INFO: Helper process launched with PID 7220 
---------------------------------------------------------------------------------
Starting RTL Elaboration : Time (s): cpu = 00:00:07 ; elapsed = 00:00:09 . Memory (MB): peak = 396.344 ; gain = 100.016
---------------------------------------------------------------------------------
INFO: [Synth 8-638] synthesizing module 'angle_CORDIC' [c:/Git/Frequency-comb-DPLL/Firmware Vivado Project/redpitaya.srcs/sources_1/ip/angle_CORDIC/synth/angle_CORDIC.vhd:69]
	Parameter C_ARCHITECTURE bound to: 2 - type: integer 
	Parameter C_CORDIC_FUNCTION bound to: 1 - type: integer 
	Parameter C_COARSE_ROTATE bound to: 1 - type: integer 
	Parameter C_DATA_FORMAT bound to: 0 - type: integer 
	Parameter C_XDEVICEFAMILY bound to: zynq - type: string 
	Parameter C_HAS_ACLKEN bound to: 0 - type: integer 
	Parameter C_HAS_ACLK bound to: 1 - type: integer 
	Parameter C_HAS_S_AXIS_CARTESIAN bound to: 1 - type: integer 
	Parameter C_HAS_S_AXIS_PHASE bound to: 0 - type: integer 
	Parameter C_HAS_ARESETN bound to: 0 - type: integer 
	Parameter C_INPUT_WIDTH bound to: 16 - type: integer 
	Parameter C_ITERATIONS bound to: 0 - type: integer 
	Parameter C_OUTPUT_WIDTH bound to: 12 - type: integer 
	Parameter C_PHASE_FORMAT bound to: 1 - type: integer 
	Parameter C_PIPELINE_MODE bound to: -1 - type: integer 
	Parameter C_PRECISION bound to: 0 - type: integer 
	Parameter C_ROUND_MODE bound to: 3 - type: integer 
	Parameter C_SCALE_COMP bound to: 0 - type: integer 
	Parameter C_THROTTLE_SCHEME bound to: 3 - type: integer 
	Parameter C_TLAST_RESOLUTION bound to: 0 - type: integer 
	Parameter C_HAS_S_AXIS_PHASE_TUSER bound to: 0 - type: integer 
	Parameter C_HAS_S_AXIS_PHASE_TLAST bound to: 0 - type: integer 
	Parameter C_S_AXIS_PHASE_TDATA_WIDTH bound to: 16 - type: integer 
	Parameter C_S_AXIS_PHASE_TUSER_WIDTH bound to: 1 - type: integer 
	Parameter C_HAS_S_AXIS_CARTESIAN_TUSER bound to: 0 - type: integer 
	Parameter C_HAS_S_AXIS_CARTESIAN_TLAST bound to: 0 - type: integer 
	Parameter C_S_AXIS_CARTESIAN_TDATA_WIDTH bound to: 32 - type: integer 
	Parameter C_S_AXIS_CARTESIAN_TUSER_WIDTH bound to: 1 - type: integer 
	Parameter C_M_AXIS_DOUT_TDATA_WIDTH bound to: 32 - type: integer 
	Parameter C_M_AXIS_DOUT_TUSER_WIDTH bound to: 1 - type: integer 
INFO: [Synth 8-3491] module 'cordic_v6_0_14' declared at 'c:/Git/Frequency-comb-DPLL/Firmware Vivado Project/redpitaya.srcs/sources_1/ip/angle_CORDIC/hdl/cordic_v6_0_vh_rfs.vhd:10135' bound to instance 'U0' of component 'cordic_v6_0_14' [c:/Git/Frequency-comb-DPLL/Firmware Vivado Project/redpitaya.srcs/sources_1/ip/angle_CORDIC/synth/angle_CORDIC.vhd:144]
INFO: [Synth 8-256] done synthesizing module 'angle_CORDIC' (21#1) [c:/Git/Frequency-comb-DPLL/Firmware Vivado Project/redpitaya.srcs/sources_1/ip/angle_CORDIC/synth/angle_CORDIC.vhd:69]
WARNING: [Synth 8-3331] design delay__parameterized6 has unconnected port SCLR
WARNING: [Synth 8-3331] design c_reg_fd_v12_0_5_viv__parameterized2 has unconnected port CE
WARNING: [Synth 8-3331] design c_reg_fd_v12_0_5_viv__parameterized2 has unconnected port AINIT
WARNING: [Synth 8-3331] design c_reg_fd_v12_0_5_viv__parameterized2 has unconnected port ACLR
WARNING: [Synth 8-3331] design c_reg_fd_v12_0_5_viv__parameterized2 has unconnected port ASET
WARNING: [Synth 8-3331] design c_reg_fd_v12_0_5_viv__parameterized2 has unconnected port SINIT
WARNING: [Synth 8-3331] design c_reg_fd_v12_0_5_viv__parameterized2 has unconnected port SCLR
WARNING: [Synth 8-3331] design c_reg_fd_v12_0_5_viv__parameterized2 has unconnected port SSET
WARNING: [Synth 8-3331] design c_addsub_v12_0_12_lut6_legacy__parameterized3 has unconnected port c_in
WARNING: [Synth 8-3331] design c_addsub_v12_0_12_lut6_legacy__parameterized3 has unconnected port ce
WARNING: [Synth 8-3331] design c_addsub_v12_0_12_lut6_legacy__parameterized3 has unconnected port bypass
WARNING: [Synth 8-3331] design c_addsub_v12_0_12_lut6_legacy__parameterized3 has unconnected port sclr
WARNING: [Synth 8-3331] design c_addsub_v12_0_12_lut6_legacy__parameterized3 has unconnected port sset
WARNING: [Synth 8-3331] design c_addsub_v12_0_12_lut6_legacy__parameterized3 has unconnected port sinit
WARNING: [Synth 8-3331] design c_addsub_v12_0_12_legacy__parameterized3 has unconnected port c_in
WARNING: [Synth 8-3331] design c_addsub_v12_0_12_legacy__parameterized3 has unconnected port b_in
WARNING: [Synth 8-3331] design c_addsub_v12_0_12_legacy__parameterized3 has unconnected port a_signed
WARNING: [Synth 8-3331] design c_addsub_v12_0_12_legacy__parameterized3 has unconnected port b_signed
WARNING: [Synth 8-3331] design c_addsub_v12_0_12_viv__parameterized3 has unconnected port C_IN
WARNING: [Synth 8-3331] design c_reg_fd_v12_0_5_viv__parameterized4 has unconnected port AINIT
WARNING: [Synth 8-3331] design c_reg_fd_v12_0_5_viv__parameterized4 has unconnected port ACLR
WARNING: [Synth 8-3331] design c_reg_fd_v12_0_5_viv__parameterized4 has unconnected port ASET
WARNING: [Synth 8-3331] design c_reg_fd_v12_0_5_viv__parameterized4 has unconnected port SINIT
WARNING: [Synth 8-3331] design c_reg_fd_v12_0_5_viv__parameterized4 has unconnected port SCLR
WARNING: [Synth 8-3331] design c_reg_fd_v12_0_5_viv__parameterized4 has unconnected port SSET
WARNING: [Synth 8-3331] design c_addsub_v12_0_12_lut6_legacy__parameterized5 has unconnected port add
WARNING: [Synth 8-3331] design c_addsub_v12_0_12_lut6_legacy__parameterized5 has unconnected port bypass
WARNING: [Synth 8-3331] design c_addsub_v12_0_12_lut6_legacy__parameterized5 has unconnected port sclr
WARNING: [Synth 8-3331] design c_addsub_v12_0_12_lut6_legacy__parameterized5 has unconnected port sset
WARNING: [Synth 8-3331] design c_addsub_v12_0_12_lut6_legacy__parameterized5 has unconnected port sinit
WARNING: [Synth 8-3331] design c_addsub_v12_0_12_legacy__parameterized5 has unconnected port b_in
WARNING: [Synth 8-3331] design c_addsub_v12_0_12_legacy__parameterized5 has unconnected port a_signed
WARNING: [Synth 8-3331] design c_addsub_v12_0_12_legacy__parameterized5 has unconnected port b_signed
WARNING: [Synth 8-3331] design delay_bit has unconnected port SCLR
WARNING: [Synth 8-3331] design delay_bit__parameterized3 has unconnected port WE
WARNING: [Synth 8-3331] design delay_bit__parameterized3 has unconnected port CE
WARNING: [Synth 8-3331] design delay_bit__parameterized3 has unconnected port SCLR
WARNING: [Synth 8-3331] design delay_bit__parameterized3 has unconnected port CLK
WARNING: [Synth 8-3331] design cordic_out_config has unconnected port data_y_in[15]
WARNING: [Synth 8-3331] design cordic_out_config has unconnected port data_y_in[14]
WARNING: [Synth 8-3331] design cordic_out_config has unconnected port data_y_in[13]
WARNING: [Synth 8-3331] design cordic_out_config has unconnected port data_y_in[12]
WARNING: [Synth 8-3331] design cordic_out_config has unconnected port data_y_in[11]
WARNING: [Synth 8-3331] design cordic_out_config has unconnected port data_y_in[10]
WARNING: [Synth 8-3331] design cordic_out_config has unconnected port data_y_in[9]
WARNING: [Synth 8-3331] design cordic_out_config has unconnected port data_y_in[8]
WARNING: [Synth 8-3331] design cordic_out_config has unconnected port data_y_in[7]
WARNING: [Synth 8-3331] design cordic_out_config has unconnected port data_y_in[6]
WARNING: [Synth 8-3331] design cordic_out_config has unconnected port data_y_in[5]
WARNING: [Synth 8-3331] design cordic_out_config has unconnected port data_y_in[4]
WARNING: [Synth 8-3331] design cordic_out_config has unconnected port data_y_in[3]
WARNING: [Synth 8-3331] design cordic_out_config has unconnected port data_y_in[2]
WARNING: [Synth 8-3331] design cordic_out_config has unconnected port data_y_in[1]
WARNING: [Synth 8-3331] design cordic_out_config has unconnected port data_y_in[0]
WARNING: [Synth 8-3331] design cordic_out_config has unconnected port aclr
WARNING: [Synth 8-3331] design cordic_ctrl_slice_par has unconnected port aclr
WARNING: [Synth 8-3331] design cordic_eng has unconnected port nd_in
WARNING: [Synth 8-3331] design c_reg_fd_v12_0_5_viv has unconnected port CE
WARNING: [Synth 8-3331] design c_reg_fd_v12_0_5_viv has unconnected port AINIT
WARNING: [Synth 8-3331] design c_reg_fd_v12_0_5_viv has unconnected port ACLR
WARNING: [Synth 8-3331] design c_reg_fd_v12_0_5_viv has unconnected port ASET
WARNING: [Synth 8-3331] design c_reg_fd_v12_0_5_viv has unconnected port SINIT
WARNING: [Synth 8-3331] design c_reg_fd_v12_0_5_viv has unconnected port SCLR
WARNING: [Synth 8-3331] design c_reg_fd_v12_0_5_viv has unconnected port SSET
WARNING: [Synth 8-3331] design c_addsub_v12_0_12_lut6_legacy__parameterized1 has unconnected port add
WARNING: [Synth 8-3331] design c_addsub_v12_0_12_lut6_legacy__parameterized1 has unconnected port c_in
WARNING: [Synth 8-3331] design c_addsub_v12_0_12_lut6_legacy__parameterized1 has unconnected port ce
WARNING: [Synth 8-3331] design c_addsub_v12_0_12_lut6_legacy__parameterized1 has unconnected port bypass
WARNING: [Synth 8-3331] design c_addsub_v12_0_12_lut6_legacy__parameterized1 has unconnected port sclr
WARNING: [Synth 8-3331] design c_addsub_v12_0_12_lut6_legacy__parameterized1 has unconnected port sset
WARNING: [Synth 8-3331] design c_addsub_v12_0_12_lut6_legacy__parameterized1 has unconnected port sinit
WARNING: [Synth 8-3331] design c_addsub_v12_0_12_legacy__parameterized1 has unconnected port c_in
WARNING: [Synth 8-3331] design c_addsub_v12_0_12_legacy__parameterized1 has unconnected port b_in
WARNING: [Synth 8-3331] design c_addsub_v12_0_12_legacy__parameterized1 has unconnected port a_signed
WARNING: [Synth 8-3331] design c_addsub_v12_0_12_legacy__parameterized1 has unconnected port b_signed
WARNING: [Synth 8-3331] design c_addsub_v12_0_12_viv__parameterized1 has unconnected port C_IN
WARNING: [Synth 8-3331] design c_addsub_v12_0_12_lut6_legacy has unconnected port add
WARNING: [Synth 8-3331] design c_addsub_v12_0_12_lut6_legacy has unconnected port c_in
WARNING: [Synth 8-3331] design c_addsub_v12_0_12_lut6_legacy has unconnected port ce
WARNING: [Synth 8-3331] design c_addsub_v12_0_12_lut6_legacy has unconnected port bypass
WARNING: [Synth 8-3331] design c_addsub_v12_0_12_lut6_legacy has unconnected port sclr
WARNING: [Synth 8-3331] design c_addsub_v12_0_12_lut6_legacy has unconnected port sset
WARNING: [Synth 8-3331] design c_addsub_v12_0_12_lut6_legacy has unconnected port sinit
WARNING: [Synth 8-3331] design c_addsub_v12_0_12_legacy has unconnected port c_in
WARNING: [Synth 8-3331] design c_addsub_v12_0_12_legacy has unconnected port b_in
WARNING: [Synth 8-3331] design c_addsub_v12_0_12_legacy has unconnected port a_signed
WARNING: [Synth 8-3331] design c_addsub_v12_0_12_legacy has unconnected port b_signed
WARNING: [Synth 8-3331] design c_addsub_v12_0_12_viv has unconnected port C_IN
WARNING: [Synth 8-3331] design cordic_v6_0_14_synth has unconnected port PHASE_IN[15]
WARNING: [Synth 8-3331] design cordic_v6_0_14_synth has unconnected port PHASE_IN[14]
WARNING: [Synth 8-3331] design cordic_v6_0_14_synth has unconnected port PHASE_IN[13]
WARNING: [Synth 8-3331] design cordic_v6_0_14_synth has unconnected port PHASE_IN[12]
WARNING: [Synth 8-3331] design cordic_v6_0_14_synth has unconnected port PHASE_IN[11]
WARNING: [Synth 8-3331] design cordic_v6_0_14_synth has unconnected port PHASE_IN[10]
WARNING: [Synth 8-3331] design cordic_v6_0_14_synth has unconnected port PHASE_IN[9]
WARNING: [Synth 8-3331] design cordic_v6_0_14_synth has unconnected port PHASE_IN[8]
WARNING: [Synth 8-3331] design cordic_v6_0_14_synth has unconnected port PHASE_IN[7]
WARNING: [Synth 8-3331] design cordic_v6_0_14_synth has unconnected port PHASE_IN[6]
WARNING: [Synth 8-3331] design cordic_v6_0_14_synth has unconnected port PHASE_IN[5]
WARNING: [Synth 8-3331] design cordic_v6_0_14_synth has unconnected port PHASE_IN[4]
INFO: [Common 17-14] Message 'Synth 8-3331' appears 100 times and further instances of the messages will be disabled. Use the Tcl command set_msg_config to change the current settings.
---------------------------------------------------------------------------------
Finished RTL Elaboration : Time (s): cpu = 00:00:33 ; elapsed = 00:00:36 . Memory (MB): peak = 520.305 ; gain = 223.977
---------------------------------------------------------------------------------

Report Check Netlist: 
+------+------------------+-------+---------+-------+------------------+
|      |Item              |Errors |Warnings |Status |Description       |
+------+------------------+-------+---------+-------+------------------+
|1     |multi_driven_nets |      0|        0|Passed |Multi driven nets |
+------+------------------+-------+---------+-------+------------------+
---------------------------------------------------------------------------------
Start Handling Custom Attributes
---------------------------------------------------------------------------------
---------------------------------------------------------------------------------
Finished Handling Custom Attributes : Time (s): cpu = 00:00:33 ; elapsed = 00:00:36 . Memory (MB): peak = 520.305 ; gain = 223.977
---------------------------------------------------------------------------------
---------------------------------------------------------------------------------
Finished RTL Optimization Phase 1 : Time (s): cpu = 00:00:33 ; elapsed = 00:00:36 . Memory (MB): peak = 520.305 ; gain = 223.977
---------------------------------------------------------------------------------
INFO: [Netlist 29-17] Analyzing 1225 Unisim elements for replacement
INFO: [Netlist 29-28] Unisim Transformation completed in 1 CPU seconds
INFO: [Device 21-403] Loading part xc7z010clg400-1
INFO: [Project 1-570] Preparing netlist for logic optimization

Processing XDC Constraints
Initializing timing engine
Parsing XDC File [c:/Git/Frequency-comb-DPLL/Firmware Vivado Project/redpitaya.srcs/sources_1/ip/angle_CORDIC/angle_CORDIC_ooc.xdc] for cell 'U0'
Finished Parsing XDC File [c:/Git/Frequency-comb-DPLL/Firmware Vivado Project/redpitaya.srcs/sources_1/ip/angle_CORDIC/angle_CORDIC_ooc.xdc] for cell 'U0'
Parsing XDC File [C:/Git/Frequency-comb-DPLL/Firmware Vivado Project/redpitaya.runs/angle_CORDIC_synth_1/dont_touch.xdc]
Finished Parsing XDC File [C:/Git/Frequency-comb-DPLL/Firmware Vivado Project/redpitaya.runs/angle_CORDIC_synth_1/dont_touch.xdc]
Completed Processing XDC Constraints

Netlist sorting complete. Time (s): cpu = 00:00:00 ; elapsed = 00:00:00.003 . Memory (MB): peak = 798.793 ; gain = 0.000
INFO: [Project 1-111] Unisim Transformation Summary:
No Unisim elements were transformed.

Netlist sorting complete. Time (s): cpu = 00:00:00 ; elapsed = 00:00:00.002 . Memory (MB): peak = 799.387 ; gain = 0.000
Constraint Validation Runtime : Time (s): cpu = 00:00:00 ; elapsed = 00:00:00.080 . Memory (MB): peak = 800.891 ; gain = 2.098
---------------------------------------------------------------------------------
Finished Constraint Validation : Time (s): cpu = 00:00:44 ; elapsed = 00:00:48 . Memory (MB): peak = 800.891 ; gain = 504.563
---------------------------------------------------------------------------------
---------------------------------------------------------------------------------
Start Loading Part and Timing Information
---------------------------------------------------------------------------------
Loading part: xc7z010clg400-1
---------------------------------------------------------------------------------
Finished Loading Part and Timing Information : Time (s): cpu = 00:00:44 ; elapsed = 00:00:48 . Memory (MB): peak = 800.891 ; gain = 504.563
---------------------------------------------------------------------------------
---------------------------------------------------------------------------------
Start Applying 'set_property' XDC Constraints
---------------------------------------------------------------------------------
Applied set_property DONT_TOUCH = true for U0. (constraint file  {C:/Git/Frequency-comb-DPLL/Firmware Vivado Project/redpitaya.runs/angle_CORDIC_synth_1/dont_touch.xdc}, line 9).
---------------------------------------------------------------------------------
Finished applying 'set_property' XDC Constraints : Time (s): cpu = 00:00:44 ; elapsed = 00:00:48 . Memory (MB): peak = 800.891 ; gain = 504.563
---------------------------------------------------------------------------------
---------------------------------------------------------------------------------
Finished RTL Optimization Phase 2 : Time (s): cpu = 00:00:45 ; elapsed = 00:00:50 . Memory (MB): peak = 800.891 ; gain = 504.563
---------------------------------------------------------------------------------

Report RTL Partitions: 
+-+--------------+------------+----------+
| |RTL Partition |Replication |Instances |
+-+--------------+------------+----------+
+-+--------------+------------+----------+
---------------------------------------------------------------------------------
Start RTL Component Statistics 
---------------------------------------------------------------------------------
---------------------------------------------------------------------------------
Finished RTL Component Statistics 
---------------------------------------------------------------------------------
---------------------------------------------------------------------------------
Start RTL Hierarchical Component Statistics 
---------------------------------------------------------------------------------
---------------------------------------------------------------------------------
Finished RTL Hierarchical Component Statistics
---------------------------------------------------------------------------------
---------------------------------------------------------------------------------
Start Part Resource Summary
---------------------------------------------------------------------------------
Part Resources:
DSPs: 80 (col length:40)
BRAMs: 120 (col length: RAMB18 40 RAMB36 20)
---------------------------------------------------------------------------------
Finished Part Resource Summary
---------------------------------------------------------------------------------
---------------------------------------------------------------------------------
Start Cross Boundary and Area Optimization
---------------------------------------------------------------------------------
Warning: Parallel synthesis criteria is not met 
INFO: [Synth 8-3886] merging instance 'U0/i_synth/i_synth/gen_cordic.output_stage/gen_rotation.gen_translate.gen_phase_rot_reg/gen_rtl.gen_reg.d_reg_reg[0]' (FDRE) to 'U0/i_synth/i_synth/gen_cordic.output_stage/gen_rotation.gen_translate.gen_phase_rot_reg/gen_rtl.gen_reg.d_reg_reg[1]'
INFO: [Synth 8-3886] merging instance 'U0/i_synth/i_synth/gen_cordic.output_stage/gen_rotation.gen_translate.gen_phase_rot_reg/gen_rtl.gen_reg.d_reg_reg[1]' (FDRE) to 'U0/i_synth/i_synth/gen_cordic.output_stage/gen_rotation.gen_translate.gen_phase_rot_reg/gen_rtl.gen_reg.d_reg_reg[2]'
INFO: [Synth 8-3886] merging instance 'U0/i_synth/i_synth/gen_cordic.output_stage/gen_rotation.gen_translate.gen_phase_rot_reg/gen_rtl.gen_reg.d_reg_reg[2]' (FDRE) to 'U0/i_synth/i_synth/gen_cordic.output_stage/gen_rotation.gen_translate.gen_phase_rot_reg/gen_rtl.gen_reg.d_reg_reg[3]'
INFO: [Synth 8-3886] merging instance 'U0/i_synth/i_synth/gen_cordic.output_stage/gen_rotation.gen_translate.gen_phase_rot_reg/gen_rtl.gen_reg.d_reg_reg[3]' (FDRE) to 'U0/i_synth/i_synth/gen_cordic.output_stage/gen_rotation.gen_translate.gen_phase_rot_reg/gen_rtl.gen_reg.d_reg_reg[4]'
INFO: [Synth 8-3886] merging instance 'U0/i_synth/i_synth/gen_cordic.output_stage/gen_rotation.gen_translate.gen_phase_rot_reg/gen_rtl.gen_reg.d_reg_reg[4]' (FDRE) to 'U0/i_synth/i_synth/gen_cordic.output_stage/gen_rotation.gen_translate.gen_phase_rot_reg/gen_rtl.gen_reg.d_reg_reg[5]'
INFO: [Synth 8-3886] merging instance 'U0/i_synth/i_synth/gen_cordic.output_stage/gen_rotation.gen_translate.gen_phase_rot_reg/gen_rtl.gen_reg.d_reg_reg[5]' (FDRE) to 'U0/i_synth/i_synth/gen_cordic.output_stage/gen_rotation.gen_translate.gen_phase_rot_reg/gen_rtl.gen_reg.d_reg_reg[6]'
INFO: [Synth 8-3886] merging instance 'U0/i_synth/i_synth/gen_cordic.output_stage/gen_rotation.gen_translate.gen_phase_rot_reg/gen_rtl.gen_reg.d_reg_reg[6]' (FDRE) to 'U0/i_synth/i_synth/gen_cordic.output_stage/gen_rotation.gen_translate.gen_phase_rot_reg/gen_rtl.gen_reg.d_reg_reg[7]'
INFO: [Synth 8-3886] merging instance 'U0/i_synth/i_synth/gen_cordic.output_stage/gen_rotation.gen_translate.gen_phase_rot_reg/gen_rtl.gen_reg.d_reg_reg[7]' (FDRE) to 'U0/i_synth/i_synth/gen_cordic.output_stage/gen_rotation.gen_translate.gen_phase_rot_reg/gen_rtl.gen_reg.d_reg_reg[8]'
INFO: [Synth 8-3886] merging instance 'U0/i_synth/i_synth/gen_cordic.output_stage/gen_rotation.gen_translate.gen_phase_rot_reg/gen_rtl.gen_reg.d_reg_reg[8]' (FDRE) to 'U0/i_synth/i_synth/gen_cordic.output_stage/gen_rotation.gen_translate.gen_phase_rot_reg/gen_rtl.gen_reg.d_reg_reg[9]'
INFO: [Synth 8-3886] merging instance 'U0/i_synth/i_synth/gen_cordic.output_stage/gen_rotation.gen_translate.gen_phase_rot_reg/gen_rtl.gen_reg.d_reg_reg[9]' (FDRE) to 'U0/i_synth/i_synth/gen_cordic.output_stage/gen_rotation.gen_translate.gen_phase_rot_reg/gen_rtl.gen_reg.d_reg_reg[10]'
INFO: [Synth 8-3886] merging instance 'U0/i_synth/i_synth/gen_cordic.output_stage/gen_rotation.gen_translate.gen_phase_rot_reg/gen_rtl.gen_reg.d_reg_reg[10]' (FDRE) to 'U0/i_synth/i_synth/gen_cordic.output_stage/gen_rotation.gen_translate.gen_phase_rot_reg/gen_rtl.gen_reg.d_reg_reg[11]'
INFO: [Synth 8-3333] propagating constant 0 across sequential element (U0/i_synth/\i_synth/gen_cordic.output_stage/gen_rotation.gen_translate.gen_phase_rot_reg/gen_rtl.gen_reg.d_reg_reg[11] )
INFO: [Synth 8-3886] merging instance 'U0/i_synth/i_synth/gen_cordic.output_stage/gen_rotation.gen_translate.gen_phase_rot_reg/gen_rtl.gen_reg.d_reg_reg[13]' (FDRE) to 'U0/i_synth/i_synth/gen_cordic.output_stage/gen_rotation.gen_translate.gen_phase_rot_reg/gen_rtl.gen_reg.d_reg_reg[14]'
INFO: [Synth 8-3886] merging instance 'U0/i_synth/i_synth/gen_cordic.output_stage/gen_rotation.gen_translate.gen_phase_rot_reg/gen_rtl.gen_reg.d_reg_reg[14]' (FDRE) to 'U0/i_synth/i_synth/gen_cordic.output_stage/gen_rotation.gen_translate.gen_phase_rot_reg/gen_rtl.gen_reg.d_reg_reg[15]'
---------------------------------------------------------------------------------
Finished Cross Boundary and Area Optimization : Time (s): cpu = 00:00:47 ; elapsed = 00:00:53 . Memory (MB): peak = 800.891 ; gain = 504.563
---------------------------------------------------------------------------------

Report RTL Partitions: 
+-+--------------+------------+----------+
| |RTL Partition |Replication |Instances |
+-+--------------+------------+----------+
+-+--------------+------------+----------+
---------------------------------------------------------------------------------
Start Applying XDC Timing Constraints
---------------------------------------------------------------------------------
---------------------------------------------------------------------------------
Finished Applying XDC Timing Constraints : Time (s): cpu = 00:00:58 ; elapsed = 00:01:04 . Memory (MB): peak = 800.891 ; gain = 504.563
---------------------------------------------------------------------------------
---------------------------------------------------------------------------------
Start Timing Optimization
---------------------------------------------------------------------------------
---------------------------------------------------------------------------------
Finished Timing Optimization : Time (s): cpu = 00:00:58 ; elapsed = 00:01:04 . Memory (MB): peak = 800.891 ; gain = 504.563
---------------------------------------------------------------------------------

Report RTL Partitions: 
+-+--------------+------------+----------+
| |RTL Partition |Replication |Instances |
+-+--------------+------------+----------+
+-+--------------+------------+----------+
---------------------------------------------------------------------------------
Start Technology Mapping
---------------------------------------------------------------------------------
---------------------------------------------------------------------------------
Finished Technology Mapping : Time (s): cpu = 00:00:59 ; elapsed = 00:01:05 . Memory (MB): peak = 800.891 ; gain = 504.563
---------------------------------------------------------------------------------

Report RTL Partitions: 
+-+--------------+------------+----------+
| |RTL Partition |Replication |Instances |
+-+--------------+------------+----------+
+-+--------------+------------+----------+
---------------------------------------------------------------------------------
Start IO Insertion
---------------------------------------------------------------------------------
---------------------------------------------------------------------------------
Start Flattening Before IO Insertion
---------------------------------------------------------------------------------
---------------------------------------------------------------------------------
Finished Flattening Before IO Insertion
---------------------------------------------------------------------------------
---------------------------------------------------------------------------------
Start Final Netlist Cleanup
---------------------------------------------------------------------------------
---------------------------------------------------------------------------------
Finished Final Netlist Cleanup
---------------------------------------------------------------------------------
---------------------------------------------------------------------------------
Finished IO Insertion : Time (s): cpu = 00:01:00 ; elapsed = 00:01:06 . Memory (MB): peak = 800.891 ; gain = 504.563
---------------------------------------------------------------------------------

Report Check Netlist: 
+------+------------------+-------+---------+-------+------------------+
|      |Item              |Errors |Warnings |Status |Description       |
+------+------------------+-------+---------+-------+------------------+
|1     |multi_driven_nets |      0|        0|Passed |Multi driven nets |
+------+------------------+-------+---------+-------+------------------+
---------------------------------------------------------------------------------
Start Renaming Generated Instances
---------------------------------------------------------------------------------
---------------------------------------------------------------------------------
Finished Renaming Generated Instances : Time (s): cpu = 00:01:00 ; elapsed = 00:01:06 . Memory (MB): peak = 800.891 ; gain = 504.563
---------------------------------------------------------------------------------

Report RTL Partitions: 
+-+--------------+------------+----------+
| |RTL Partition |Replication |Instances |
+-+--------------+------------+----------+
+-+--------------+------------+----------+
---------------------------------------------------------------------------------
Start Rebuilding User Hierarchy
---------------------------------------------------------------------------------
---------------------------------------------------------------------------------
Finished Rebuilding User Hierarchy : Time (s): cpu = 00:01:00 ; elapsed = 00:01:07 . Memory (MB): peak = 800.891 ; gain = 504.563
---------------------------------------------------------------------------------
---------------------------------------------------------------------------------
Start Renaming Generated Ports
---------------------------------------------------------------------------------
---------------------------------------------------------------------------------
Finished Renaming Generated Ports : Time (s): cpu = 00:01:00 ; elapsed = 00:01:07 . Memory (MB): peak = 800.891 ; gain = 504.563
---------------------------------------------------------------------------------
---------------------------------------------------------------------------------
Start Handling Custom Attributes
---------------------------------------------------------------------------------
---------------------------------------------------------------------------------
Finished Handling Custom Attributes : Time (s): cpu = 00:01:00 ; elapsed = 00:01:07 . Memory (MB): peak = 800.891 ; gain = 504.563
---------------------------------------------------------------------------------
---------------------------------------------------------------------------------
Start Renaming Generated Nets
---------------------------------------------------------------------------------
---------------------------------------------------------------------------------
Finished Renaming Generated Nets : Time (s): cpu = 00:01:00 ; elapsed = 00:01:07 . Memory (MB): peak = 800.891 ; gain = 504.563
---------------------------------------------------------------------------------
---------------------------------------------------------------------------------
Start Writing Synthesis Report
---------------------------------------------------------------------------------

Report BlackBoxes: 
+-+--------------+----------+
| |BlackBox name |Instances |
+-+--------------+----------+
+-+--------------+----------+

Report Cell Usage: 
+------+-------+------+
|      |Cell   |Count |
+------+-------+------+
|1     |LUT1   |    53|
|2     |LUT2   |   226|
|3     |LUT3   |   323|
|4     |LUT4   |    32|
|5     |MUXCY  |   542|
|6     |SRL16E |    22|
|7     |XORCY  |   528|
|8     |FDRE   |   610|
+------+-------+------+
---------------------------------------------------------------------------------
Finished Writing Synthesis Report : Time (s): cpu = 00:01:00 ; elapsed = 00:01:07 . Memory (MB): peak = 800.891 ; gain = 504.563
---------------------------------------------------------------------------------
Synthesis finished with 0 errors, 0 critical warnings and 246 warnings.
Synthesis Optimization Runtime : Time (s): cpu = 00:00:19 ; elapsed = 00:00:57 . Memory (MB): peak = 800.891 ; gain = 223.977
Synthesis Optimization Complete : Time (s): cpu = 00:01:00 ; elapsed = 00:01:07 . Memory (MB): peak = 800.891 ; gain = 504.563
INFO: [Project 1-571] Translating synthesized netlist
INFO: [Netlist 29-17] Analyzing 1070 Unisim elements for replacement
INFO: [Netlist 29-28] Unisim Transformation completed in 0 CPU seconds
INFO: [Project 1-570] Preparing netlist for logic optimization
INFO: [Opt 31-138] Pushed 0 inverter(s) to 0 load pin(s).
Netlist sorting complete. Time (s): cpu = 00:00:00 ; elapsed = 00:00:00.003 . Memory (MB): peak = 816.266 ; gain = 0.000
INFO: [Project 1-111] Unisim Transformation Summary:
  A total of 146 instances were transformed.
  (MUXCY,XORCY) => CARRY4: 146 instances

INFO: [Common 17-83] Releasing license: Synthesis
31 Infos, 100 Warnings, 0 Critical Warnings and 0 Errors encountered.
synth_design completed successfully
synth_design: Time (s): cpu = 00:01:04 ; elapsed = 00:01:11 . Memory (MB): peak = 816.266 ; gain = 528.695
INFO: [Coretcl 2-1174] Renamed 284 cell refs.
Netlist sorting complete. Time (s): cpu = 00:00:00 ; elapsed = 00:00:00.003 . Memory (MB): peak = 816.266 ; gain = 0.000
WARNING: [Constraints 18-5210] No constraints selected for write.
Resolution: This message can indicate that there are no constraints for the design, or it can indicate that the used_in flags are set such that the constraints are ignored. This later case is used when running synth_design to not write synthesis constraints to the resulting checkpoint. Instead, project constraints are read when the synthesized design is opened.
INFO: [Common 17-1381] The checkpoint 'C:/Git/Frequency-comb-DPLL/Firmware Vivado Project/redpitaya.runs/angle_CORDIC_synth_1/angle_CORDIC.dcp' has been generated.
INFO: [runtcl-4] Executing : report_utilization -file angle_CORDIC_utilization_synth.rpt -pb angle_CORDIC_utilization_synth.pb
INFO: [Common 17-206] Exiting Vivado at Thu Feb 21 13:45:06 2019...
