
*** Running vivado
    with args -log fir_compiler_minimumphase_N_times_clk.vds -m64 -product Vivado -mode batch -messageDb vivado.pb -notrace -source fir_compiler_minimumphase_N_times_clk.tcl


****** Vivado v2018.3 (64-bit)
  **** SW Build 2405991 on Thu Dec  6 23:38:27 MST 2018
  **** IP Build 2404404 on Fri Dec  7 01:43:56 MST 2018
    ** Copyright 1986-2018 Xilinx, Inc. All Rights Reserved.

source fir_compiler_minimumphase_N_times_clk.tcl -notrace
Command: synth_design -top fir_compiler_minimumphase_N_times_clk -part xc7z010clg400-1 -mode out_of_context
Starting synth_design
Attempting to get a license for feature 'Synthesis' and/or device 'xc7z010'
INFO: [Common 17-349] Got license for feature 'Synthesis' and/or device 'xc7z010'
INFO: Launching helper process for spawning children vivado processes
INFO: Helper process launched with PID 17952 
---------------------------------------------------------------------------------
Starting RTL Elaboration : Time (s): cpu = 00:00:06 ; elapsed = 00:00:09 . Memory (MB): peak = 396.699 ; gain = 99.840
---------------------------------------------------------------------------------
INFO: [Synth 8-638] synthesizing module 'fir_compiler_minimumphase_N_times_clk' [c:/Git/Frequency-comb-DPLL/Firmware Vivado Project/redpitaya.srcs/sources_1/ip/fir_compiler_minimumphase_N_times_clk/synth/fir_compiler_minimumphase_N_times_clk.vhd:70]
	Parameter C_XDEVICEFAMILY bound to: zynq - type: string 
	Parameter C_ELABORATION_DIR bound to: ./ - type: string 
	Parameter C_COMPONENT_NAME bound to: fir_compiler_minimumphase_N_times_clk - type: string 
	Parameter C_COEF_FILE bound to: fir_compiler_minimumphase_N_times_clk.mif - type: string 
	Parameter C_COEF_FILE_LINES bound to: 16 - type: integer 
	Parameter C_FILTER_TYPE bound to: 11 - type: integer 
	Parameter C_INTERP_RATE bound to: 1 - type: integer 
	Parameter C_DECIM_RATE bound to: 1 - type: integer 
	Parameter C_ZERO_PACKING_FACTOR bound to: 1 - type: integer 
	Parameter C_SYMMETRY bound to: 0 - type: integer 
	Parameter C_NUM_FILTS bound to: 1 - type: integer 
	Parameter C_NUM_TAPS bound to: 16 - type: integer 
	Parameter C_NUM_CHANNELS bound to: 1 - type: integer 
	Parameter C_CHANNEL_PATTERN bound to: fixed - type: string 
	Parameter C_ROUND_MODE bound to: 4 - type: integer 
	Parameter C_COEF_RELOAD bound to: 0 - type: integer 
	Parameter C_NUM_RELOAD_SLOTS bound to: 1 - type: integer 
	Parameter C_COL_MODE bound to: 1 - type: integer 
	Parameter C_COL_PIPE_LEN bound to: 4 - type: integer 
	Parameter C_COL_CONFIG bound to: 8 - type: string 
	Parameter C_OPTIMIZATION bound to: 0 - type: integer 
	Parameter C_DATA_PATH_WIDTHS bound to: 16 - type: string 
	Parameter C_DATA_IP_PATH_WIDTHS bound to: 16 - type: string 
	Parameter C_DATA_PX_PATH_WIDTHS bound to: 16 - type: string 
	Parameter C_DATA_WIDTH bound to: 16 - type: integer 
	Parameter C_COEF_PATH_WIDTHS bound to: 16 - type: string 
	Parameter C_COEF_WIDTH bound to: 16 - type: integer 
	Parameter C_DATA_PATH_SRC bound to: 0 - type: string 
	Parameter C_COEF_PATH_SRC bound to: 0 - type: string 
	Parameter C_PX_PATH_SRC bound to: 0 - type: string 
	Parameter C_DATA_PATH_SIGN bound to: 0 - type: string 
	Parameter C_COEF_PATH_SIGN bound to: 0 - type: string 
	Parameter C_ACCUM_PATH_WIDTHS bound to: 32 - type: string 
	Parameter C_OUTPUT_WIDTH bound to: 16 - type: integer 
	Parameter C_OUTPUT_PATH_WIDTHS bound to: 16 - type: string 
	Parameter C_ACCUM_OP_PATH_WIDTHS bound to: 32 - type: string 
	Parameter C_EXT_MULT_CNFG bound to: none - type: string 
	Parameter C_DATA_PATH_PSAMP_SRC bound to: 0 - type: string 
	Parameter C_OP_PATH_PSAMP_SRC bound to: 0 - type: string 
	Parameter C_NUM_MADDS bound to: 8 - type: integer 
	Parameter C_OPT_MADDS bound to: none - type: string 
	Parameter C_OVERSAMPLING_RATE bound to: 2 - type: integer 
	Parameter C_INPUT_RATE bound to: 2 - type: integer 
	Parameter C_OUTPUT_RATE bound to: 2 - type: integer 
	Parameter C_DATA_MEMTYPE bound to: 0 - type: integer 
	Parameter C_COEF_MEMTYPE bound to: 2 - type: integer 
	Parameter C_IPBUFF_MEMTYPE bound to: 0 - type: integer 
	Parameter C_OPBUFF_MEMTYPE bound to: 0 - type: integer 
	Parameter C_DATAPATH_MEMTYPE bound to: 0 - type: integer 
	Parameter C_MEM_ARRANGEMENT bound to: 2 - type: integer 
	Parameter C_DATA_MEM_PACKING bound to: 0 - type: integer 
	Parameter C_COEF_MEM_PACKING bound to: 0 - type: integer 
	Parameter C_FILTS_PACKED bound to: 0 - type: integer 
	Parameter C_LATENCY bound to: 8 - type: integer 
	Parameter C_HAS_ARESETn bound to: 0 - type: integer 
	Parameter C_HAS_ACLKEN bound to: 0 - type: integer 
	Parameter C_DATA_HAS_TLAST bound to: 0 - type: integer 
	Parameter C_S_DATA_HAS_FIFO bound to: 0 - type: integer 
	Parameter C_S_DATA_HAS_TUSER bound to: 0 - type: integer 
	Parameter C_S_DATA_TDATA_WIDTH bound to: 16 - type: integer 
	Parameter C_S_DATA_TUSER_WIDTH bound to: 1 - type: integer 
	Parameter C_M_DATA_HAS_TREADY bound to: 0 - type: integer 
	Parameter C_M_DATA_HAS_TUSER bound to: 0 - type: integer 
	Parameter C_M_DATA_TDATA_WIDTH bound to: 16 - type: integer 
	Parameter C_M_DATA_TUSER_WIDTH bound to: 1 - type: integer 
	Parameter C_HAS_CONFIG_CHANNEL bound to: 0 - type: integer 
	Parameter C_CONFIG_SYNC_MODE bound to: 0 - type: integer 
	Parameter C_CONFIG_PACKET_SIZE bound to: 0 - type: integer 
	Parameter C_CONFIG_TDATA_WIDTH bound to: 1 - type: integer 
	Parameter C_RELOAD_TDATA_WIDTH bound to: 1 - type: integer 
INFO: [Synth 8-3491] module 'fir_compiler_v7_2_11' declared at 'c:/Git/Frequency-comb-DPLL/Firmware Vivado Project/redpitaya.srcs/sources_1/ip/fir_compiler_minimumphase_N_times_clk/hdl/fir_compiler_v7_2_vh_rfs.vhd:61157' bound to instance 'U0' of component 'fir_compiler_v7_2_11' [c:/Git/Frequency-comb-DPLL/Firmware Vivado Project/redpitaya.srcs/sources_1/ip/fir_compiler_minimumphase_N_times_clk/synth/fir_compiler_minimumphase_N_times_clk.vhd:198]
WARNING: [Synth 8-5858] RAM p_path_out_reg from Abstract Data Type (record/struct) for this pattern/configuration is not supported. This will most likely be implemented in registers
INFO: [Synth 8-256] done synthesizing module 'fir_compiler_minimumphase_N_times_clk' (9#1) [c:/Git/Frequency-comb-DPLL/Firmware Vivado Project/redpitaya.srcs/sources_1/ip/fir_compiler_minimumphase_N_times_clk/synth/fir_compiler_minimumphase_N_times_clk.vhd:70]
WARNING: [Synth 8-3331] design delay__parameterized6 has unconnected port WE
WARNING: [Synth 8-3331] design delay__parameterized6 has unconnected port CE
WARNING: [Synth 8-3331] design delay__parameterized6 has unconnected port SCLR
WARNING: [Synth 8-3331] design delay__parameterized6 has unconnected port SCLR_ALT
WARNING: [Synth 8-3331] design delay__parameterized6 has unconnected port CLK
WARNING: [Synth 8-3331] design delay__parameterized9 has unconnected port WE
WARNING: [Synth 8-3331] design delay__parameterized9 has unconnected port CE
WARNING: [Synth 8-3331] design delay__parameterized9 has unconnected port SCLR
WARNING: [Synth 8-3331] design delay__parameterized9 has unconnected port SCLR_ALT
WARNING: [Synth 8-3331] design delay__parameterized9 has unconnected port CLK
WARNING: [Synth 8-3331] design calc__parameterized0 has unconnected port PRE_ADDSUB
WARNING: [Synth 8-3331] design calc__parameterized0 has unconnected port PRE_ADD_BYPASS
WARNING: [Synth 8-3331] design calc__parameterized0 has unconnected port CED
WARNING: [Synth 8-3331] design delay__parameterized8 has unconnected port WE
WARNING: [Synth 8-3331] design delay__parameterized8 has unconnected port CE
WARNING: [Synth 8-3331] design delay__parameterized8 has unconnected port SCLR
WARNING: [Synth 8-3331] design delay__parameterized8 has unconnected port SCLR_ALT
WARNING: [Synth 8-3331] design delay__parameterized8 has unconnected port CLK
WARNING: [Synth 8-3331] design delay__parameterized7 has unconnected port WE
WARNING: [Synth 8-3331] design delay__parameterized7 has unconnected port CE
WARNING: [Synth 8-3331] design delay__parameterized7 has unconnected port SCLR
WARNING: [Synth 8-3331] design delay__parameterized7 has unconnected port SCLR_ALT
WARNING: [Synth 8-3331] design delay__parameterized7 has unconnected port CLK
WARNING: [Synth 8-3331] design addsub_mult_accum__parameterized0 has unconnected port POUT[casc][52]
WARNING: [Synth 8-3331] design addsub_mult_accum__parameterized0 has unconnected port POUT[casc][51]
WARNING: [Synth 8-3331] design addsub_mult_accum__parameterized0 has unconnected port POUT[casc][50]
WARNING: [Synth 8-3331] design addsub_mult_accum__parameterized0 has unconnected port POUT[casc][49]
WARNING: [Synth 8-3331] design addsub_mult_accum__parameterized0 has unconnected port POUT[casc][48]
WARNING: [Synth 8-3331] design addsub_mult_accum__parameterized0 has unconnected port PIN[fab][47]
WARNING: [Synth 8-3331] design addsub_mult_accum__parameterized0 has unconnected port PIN[fab][46]
WARNING: [Synth 8-3331] design addsub_mult_accum__parameterized0 has unconnected port PIN[fab][45]
WARNING: [Synth 8-3331] design addsub_mult_accum__parameterized0 has unconnected port PIN[fab][44]
WARNING: [Synth 8-3331] design addsub_mult_accum__parameterized0 has unconnected port PIN[fab][43]
WARNING: [Synth 8-3331] design addsub_mult_accum__parameterized0 has unconnected port PIN[fab][42]
WARNING: [Synth 8-3331] design addsub_mult_accum__parameterized0 has unconnected port PIN[fab][41]
WARNING: [Synth 8-3331] design addsub_mult_accum__parameterized0 has unconnected port PIN[fab][40]
WARNING: [Synth 8-3331] design addsub_mult_accum__parameterized0 has unconnected port PIN[fab][39]
WARNING: [Synth 8-3331] design addsub_mult_accum__parameterized0 has unconnected port PIN[fab][38]
WARNING: [Synth 8-3331] design addsub_mult_accum__parameterized0 has unconnected port PIN[fab][37]
WARNING: [Synth 8-3331] design addsub_mult_accum__parameterized0 has unconnected port PIN[fab][36]
WARNING: [Synth 8-3331] design addsub_mult_accum__parameterized0 has unconnected port PIN[fab][35]
WARNING: [Synth 8-3331] design addsub_mult_accum__parameterized0 has unconnected port PIN[fab][34]
WARNING: [Synth 8-3331] design addsub_mult_accum__parameterized0 has unconnected port PIN[fab][33]
WARNING: [Synth 8-3331] design addsub_mult_accum__parameterized0 has unconnected port PIN[fab][32]
WARNING: [Synth 8-3331] design addsub_mult_accum__parameterized0 has unconnected port PIN[fab][31]
WARNING: [Synth 8-3331] design addsub_mult_accum__parameterized0 has unconnected port PIN[fab][30]
WARNING: [Synth 8-3331] design addsub_mult_accum__parameterized0 has unconnected port PIN[fab][29]
WARNING: [Synth 8-3331] design addsub_mult_accum__parameterized0 has unconnected port PIN[fab][28]
WARNING: [Synth 8-3331] design addsub_mult_accum__parameterized0 has unconnected port PIN[fab][27]
WARNING: [Synth 8-3331] design addsub_mult_accum__parameterized0 has unconnected port PIN[fab][26]
WARNING: [Synth 8-3331] design addsub_mult_accum__parameterized0 has unconnected port PIN[fab][25]
WARNING: [Synth 8-3331] design addsub_mult_accum__parameterized0 has unconnected port PIN[fab][24]
WARNING: [Synth 8-3331] design addsub_mult_accum__parameterized0 has unconnected port PIN[fab][23]
WARNING: [Synth 8-3331] design addsub_mult_accum__parameterized0 has unconnected port PIN[fab][22]
WARNING: [Synth 8-3331] design addsub_mult_accum__parameterized0 has unconnected port PIN[fab][21]
WARNING: [Synth 8-3331] design addsub_mult_accum__parameterized0 has unconnected port PIN[fab][20]
WARNING: [Synth 8-3331] design addsub_mult_accum__parameterized0 has unconnected port PIN[fab][19]
WARNING: [Synth 8-3331] design addsub_mult_accum__parameterized0 has unconnected port PIN[fab][18]
WARNING: [Synth 8-3331] design addsub_mult_accum__parameterized0 has unconnected port PIN[fab][17]
WARNING: [Synth 8-3331] design addsub_mult_accum__parameterized0 has unconnected port PIN[fab][16]
WARNING: [Synth 8-3331] design addsub_mult_accum__parameterized0 has unconnected port PIN[fab][15]
WARNING: [Synth 8-3331] design addsub_mult_accum__parameterized0 has unconnected port PIN[fab][14]
WARNING: [Synth 8-3331] design addsub_mult_accum__parameterized0 has unconnected port PIN[fab][13]
WARNING: [Synth 8-3331] design addsub_mult_accum__parameterized0 has unconnected port PIN[fab][12]
WARNING: [Synth 8-3331] design addsub_mult_accum__parameterized0 has unconnected port PIN[fab][11]
WARNING: [Synth 8-3331] design addsub_mult_accum__parameterized0 has unconnected port PIN[fab][10]
WARNING: [Synth 8-3331] design addsub_mult_accum__parameterized0 has unconnected port PIN[fab][9]
WARNING: [Synth 8-3331] design addsub_mult_accum__parameterized0 has unconnected port PIN[fab][8]
WARNING: [Synth 8-3331] design addsub_mult_accum__parameterized0 has unconnected port PIN[fab][7]
WARNING: [Synth 8-3331] design addsub_mult_accum__parameterized0 has unconnected port PIN[fab][6]
WARNING: [Synth 8-3331] design addsub_mult_accum__parameterized0 has unconnected port PIN[fab][5]
WARNING: [Synth 8-3331] design addsub_mult_accum__parameterized0 has unconnected port PIN[fab][4]
WARNING: [Synth 8-3331] design addsub_mult_accum__parameterized0 has unconnected port PIN[fab][3]
WARNING: [Synth 8-3331] design addsub_mult_accum__parameterized0 has unconnected port PIN[fab][2]
WARNING: [Synth 8-3331] design addsub_mult_accum__parameterized0 has unconnected port PIN[fab][1]
WARNING: [Synth 8-3331] design addsub_mult_accum__parameterized0 has unconnected port PIN[fab][0]
WARNING: [Synth 8-3331] design addsub_mult_accum__parameterized0 has unconnected port PIN[casc][52]
WARNING: [Synth 8-3331] design addsub_mult_accum__parameterized0 has unconnected port PIN[casc][51]
WARNING: [Synth 8-3331] design addsub_mult_accum__parameterized0 has unconnected port PIN[casc][50]
WARNING: [Synth 8-3331] design addsub_mult_accum__parameterized0 has unconnected port PIN[casc][49]
WARNING: [Synth 8-3331] design addsub_mult_accum__parameterized0 has unconnected port PIN[casc][48]
WARNING: [Synth 8-3331] design calc has unconnected port PRE_ADDSUB
WARNING: [Synth 8-3331] design calc has unconnected port PRE_ADD_BYPASS
WARNING: [Synth 8-3331] design calc has unconnected port CED
WARNING: [Synth 8-3331] design addsub_mult_accum has unconnected port POUT[casc][52]
WARNING: [Synth 8-3331] design addsub_mult_accum has unconnected port POUT[casc][51]
WARNING: [Synth 8-3331] design addsub_mult_accum has unconnected port POUT[casc][50]
WARNING: [Synth 8-3331] design addsub_mult_accum has unconnected port POUT[casc][49]
WARNING: [Synth 8-3331] design addsub_mult_accum has unconnected port POUT[casc][48]
WARNING: [Synth 8-3331] design addsub_mult_accum has unconnected port PIN[fab][47]
WARNING: [Synth 8-3331] design addsub_mult_accum has unconnected port PIN[fab][46]
WARNING: [Synth 8-3331] design addsub_mult_accum has unconnected port PIN[fab][45]
WARNING: [Synth 8-3331] design addsub_mult_accum has unconnected port PIN[fab][44]
WARNING: [Synth 8-3331] design addsub_mult_accum has unconnected port PIN[fab][43]
WARNING: [Synth 8-3331] design addsub_mult_accum has unconnected port PIN[fab][42]
WARNING: [Synth 8-3331] design addsub_mult_accum has unconnected port PIN[fab][41]
WARNING: [Synth 8-3331] design addsub_mult_accum has unconnected port PIN[fab][40]
WARNING: [Synth 8-3331] design addsub_mult_accum has unconnected port PIN[fab][39]
WARNING: [Synth 8-3331] design addsub_mult_accum has unconnected port PIN[fab][38]
WARNING: [Synth 8-3331] design addsub_mult_accum has unconnected port PIN[fab][37]
INFO: [Common 17-14] Message 'Synth 8-3331' appears 100 times and further instances of the messages will be disabled. Use the Tcl command set_msg_config to change the current settings.
---------------------------------------------------------------------------------
Finished RTL Elaboration : Time (s): cpu = 00:00:19 ; elapsed = 00:00:22 . Memory (MB): peak = 544.012 ; gain = 247.152
---------------------------------------------------------------------------------

Report Check Netlist: 
+------+------------------+-------+---------+-------+------------------+
|      |Item              |Errors |Warnings |Status |Description       |
+------+------------------+-------+---------+-------+------------------+
|1     |multi_driven_nets |      0|        0|Passed |Multi driven nets |
+------+------------------+-------+---------+-------+------------------+
---------------------------------------------------------------------------------
Start Handling Custom Attributes
---------------------------------------------------------------------------------
---------------------------------------------------------------------------------
Finished Handling Custom Attributes : Time (s): cpu = 00:00:19 ; elapsed = 00:00:22 . Memory (MB): peak = 544.012 ; gain = 247.152
---------------------------------------------------------------------------------
---------------------------------------------------------------------------------
Finished RTL Optimization Phase 1 : Time (s): cpu = 00:00:19 ; elapsed = 00:00:22 . Memory (MB): peak = 544.012 ; gain = 247.152
---------------------------------------------------------------------------------
INFO: [Netlist 29-17] Analyzing 8 Unisim elements for replacement
INFO: [Netlist 29-28] Unisim Transformation completed in 0 CPU seconds
INFO: [Device 21-403] Loading part xc7z010clg400-1
INFO: [Project 1-570] Preparing netlist for logic optimization

Processing XDC Constraints
Initializing timing engine
Parsing XDC File [c:/Git/Frequency-comb-DPLL/Firmware Vivado Project/redpitaya.srcs/sources_1/ip/fir_compiler_minimumphase_N_times_clk/fir_compiler_minimumphase_N_times_clk_ooc.xdc] for cell 'U0'
Finished Parsing XDC File [c:/Git/Frequency-comb-DPLL/Firmware Vivado Project/redpitaya.srcs/sources_1/ip/fir_compiler_minimumphase_N_times_clk/fir_compiler_minimumphase_N_times_clk_ooc.xdc] for cell 'U0'
Parsing XDC File [c:/Git/Frequency-comb-DPLL/Firmware Vivado Project/redpitaya.srcs/sources_1/ip/fir_compiler_minimumphase_N_times_clk/constraints/fir_compiler_v7_2.xdc] for cell 'U0'
Finished Parsing XDC File [c:/Git/Frequency-comb-DPLL/Firmware Vivado Project/redpitaya.srcs/sources_1/ip/fir_compiler_minimumphase_N_times_clk/constraints/fir_compiler_v7_2.xdc] for cell 'U0'
Parsing XDC File [C:/Git/Frequency-comb-DPLL/Firmware Vivado Project/redpitaya.runs/fir_compiler_minimumphase_N_times_clk_synth_1/dont_touch.xdc]
Finished Parsing XDC File [C:/Git/Frequency-comb-DPLL/Firmware Vivado Project/redpitaya.runs/fir_compiler_minimumphase_N_times_clk_synth_1/dont_touch.xdc]
Completed Processing XDC Constraints

Netlist sorting complete. Time (s): cpu = 00:00:00 ; elapsed = 00:00:00.001 . Memory (MB): peak = 760.652 ; gain = 0.000
INFO: [Project 1-111] Unisim Transformation Summary:
No Unisim elements were transformed.

Netlist sorting complete. Time (s): cpu = 00:00:00 ; elapsed = 00:00:00.001 . Memory (MB): peak = 760.652 ; gain = 0.000
Constraint Validation Runtime : Time (s): cpu = 00:00:00 ; elapsed = 00:00:00.047 . Memory (MB): peak = 760.652 ; gain = 0.000
---------------------------------------------------------------------------------
Finished Constraint Validation : Time (s): cpu = 00:00:30 ; elapsed = 00:00:35 . Memory (MB): peak = 760.652 ; gain = 463.793
---------------------------------------------------------------------------------
---------------------------------------------------------------------------------
Start Loading Part and Timing Information
---------------------------------------------------------------------------------
Loading part: xc7z010clg400-1
---------------------------------------------------------------------------------
Finished Loading Part and Timing Information : Time (s): cpu = 00:00:30 ; elapsed = 00:00:35 . Memory (MB): peak = 760.652 ; gain = 463.793
---------------------------------------------------------------------------------
---------------------------------------------------------------------------------
Start Applying 'set_property' XDC Constraints
---------------------------------------------------------------------------------
Applied set_property DONT_TOUCH = true for U0. (constraint file  {C:/Git/Frequency-comb-DPLL/Firmware Vivado Project/redpitaya.runs/fir_compiler_minimumphase_N_times_clk_synth_1/dont_touch.xdc}, line 9).
---------------------------------------------------------------------------------
Finished applying 'set_property' XDC Constraints : Time (s): cpu = 00:00:30 ; elapsed = 00:00:35 . Memory (MB): peak = 760.652 ; gain = 463.793
---------------------------------------------------------------------------------
INFO: [Synth 8-5542] Attribute ram_style/rom_style = distributed specified for ROM  "rom". This will be implemented in logic
INFO: [Synth 8-5542] Attribute ram_style/rom_style = distributed specified for ROM  "rom". This will be implemented in logic
INFO: [Synth 8-5542] Attribute ram_style/rom_style = distributed specified for ROM  "rom". This will be implemented in logic
INFO: [Synth 8-5542] Attribute ram_style/rom_style = distributed specified for ROM  "rom". This will be implemented in logic
INFO: [Synth 8-5542] Attribute ram_style/rom_style = distributed specified for ROM  "rom". This will be implemented in logic
INFO: [Synth 8-5542] Attribute ram_style/rom_style = distributed specified for ROM  "rom". This will be implemented in logic
INFO: [Synth 8-5542] Attribute ram_style/rom_style = distributed specified for ROM  "rom". This will be implemented in logic
INFO: [Synth 8-5542] Attribute ram_style/rom_style = distributed specified for ROM  "rom". This will be implemented in logic
INFO: [Synth 8-5546] ROM "add" won't be mapped to RAM because it is too sparse
---------------------------------------------------------------------------------
Finished RTL Optimization Phase 2 : Time (s): cpu = 00:00:31 ; elapsed = 00:00:36 . Memory (MB): peak = 760.652 ; gain = 463.793
---------------------------------------------------------------------------------

Report RTL Partitions: 
+-+--------------+------------+----------+
| |RTL Partition |Replication |Instances |
+-+--------------+------------+----------+
+-+--------------+------------+----------+
---------------------------------------------------------------------------------
Start RTL Component Statistics 
---------------------------------------------------------------------------------
---------------------------------------------------------------------------------
Finished RTL Component Statistics 
---------------------------------------------------------------------------------
---------------------------------------------------------------------------------
Start RTL Hierarchical Component Statistics 
---------------------------------------------------------------------------------
---------------------------------------------------------------------------------
Finished RTL Hierarchical Component Statistics
---------------------------------------------------------------------------------
---------------------------------------------------------------------------------
Start Part Resource Summary
---------------------------------------------------------------------------------
Part Resources:
DSPs: 80 (col length:40)
BRAMs: 120 (col length: RAMB18 40 RAMB36 20)
---------------------------------------------------------------------------------
Finished Part Resource Summary
---------------------------------------------------------------------------------
---------------------------------------------------------------------------------
Start Cross Boundary and Area Optimization
---------------------------------------------------------------------------------
Warning: Parallel synthesis criteria is not met 
INFO: [Synth 8-5542] Attribute ram_style/rom_style = distributed specified for ROM  "p_0_out". This will be implemented in logic
INFO: [Synth 8-5587] ROM size for "p_0_out" is below threshold of ROM address width. It will be mapped to LUTs
INFO: [Synth 8-5542] Attribute ram_style/rom_style = distributed specified for ROM  "p_0_out". This will be implemented in logic
INFO: [Synth 8-5587] ROM size for "p_0_out" is below threshold of ROM address width. It will be mapped to LUTs
INFO: [Synth 8-5542] Attribute ram_style/rom_style = distributed specified for ROM  "p_0_out". This will be implemented in logic
INFO: [Synth 8-5587] ROM size for "p_0_out" is below threshold of ROM address width. It will be mapped to LUTs
INFO: [Synth 8-5542] Attribute ram_style/rom_style = distributed specified for ROM  "p_0_out". This will be implemented in logic
INFO: [Synth 8-5587] ROM size for "p_0_out" is below threshold of ROM address width. It will be mapped to LUTs
INFO: [Synth 8-5542] Attribute ram_style/rom_style = distributed specified for ROM  "p_0_out". This will be implemented in logic
INFO: [Synth 8-5587] ROM size for "p_0_out" is below threshold of ROM address width. It will be mapped to LUTs
INFO: [Synth 8-5542] Attribute ram_style/rom_style = distributed specified for ROM  "p_0_out". This will be implemented in logic
INFO: [Synth 8-5587] ROM size for "p_0_out" is below threshold of ROM address width. It will be mapped to LUTs
INFO: [Synth 8-5542] Attribute ram_style/rom_style = distributed specified for ROM  "p_0_out". This will be implemented in logic
INFO: [Synth 8-5587] ROM size for "p_0_out" is below threshold of ROM address width. It will be mapped to LUTs
INFO: [Synth 8-5542] Attribute ram_style/rom_style = distributed specified for ROM  "p_0_out". This will be implemented in logic
INFO: [Synth 8-5587] ROM size for "p_0_out" is below threshold of ROM address width. It will be mapped to LUTs
INFO: [Synth 8-5546] ROM "g_transpose_single_rate.i_transpose_single_rate/add" won't be mapped to RAM because it is too sparse
INFO: [Synth 8-3886] merging instance 'U0/i_synth/g_transpose_single_rate.i_transpose_single_rate/split_opcode_reg[3]' (FDSE) to 'U0/i_synth/g_transpose_single_rate.i_transpose_single_rate/split_opcode_reg[5]'
INFO: [Synth 8-3886] merging instance 'U0/i_synth/g_transpose_single_rate.i_transpose_single_rate/split_opcode_reg[6]' (FDRE) to 'U0/i_synth/g_transpose_single_rate.i_transpose_single_rate/split_opcode_reg[9]'
INFO: [Synth 8-3886] merging instance 'U0/i_synth/g_transpose_single_rate.i_transpose_single_rate/split_opcode_reg[9]' (FDRE) to 'U0/i_synth/g_transpose_single_rate.i_transpose_single_rate/split_opcode_reg[0]'
INFO: [Synth 8-3886] merging instance 'U0/i_synth/g_transpose_single_rate.i_transpose_single_rate/split_opcode_reg[0]' (FDRE) to 'U0/i_synth/g_transpose_single_rate.i_transpose_single_rate/split_opcode_reg[1]'
INFO: [Synth 8-3886] merging instance 'U0/i_synth/g_transpose_single_rate.i_transpose_single_rate/split_opcode_reg[1]' (FDRE) to 'U0/i_synth/g_transpose_single_rate.i_transpose_single_rate/split_opcode_reg[2]'
INFO: [Synth 8-3333] propagating constant 0 across sequential element (U0/i_synth/\g_transpose_single_rate.i_transpose_single_rate/split_opcode_reg[2] )
INFO: [Synth 8-3886] merging instance 'U0/i_synth/g_transpose_single_rate.i_transpose_single_rate/i_cntrl_opcode/gen_dly.gen_shiftreg.gen_rtl_delay.delay_bus_reg[0][13]' (FDE) to 'U0/i_synth/g_transpose_single_rate.i_transpose_single_rate/i_cntrl_opcode/gen_dly.gen_shiftreg.gen_rtl_delay.delay_bus_reg[0][15]'
INFO: [Synth 8-3886] merging instance 'U0/i_synth/g_transpose_single_rate.i_transpose_single_rate/i_cntrl_opcode/gen_dly.gen_shiftreg.gen_rtl_delay.delay_bus_reg[0][16]' (FDE) to 'U0/i_synth/g_transpose_single_rate.i_transpose_single_rate/i_cntrl_opcode/gen_dly.gen_shiftreg.gen_rtl_delay.delay_bus_reg[0][10]'
INFO: [Synth 8-3886] merging instance 'U0/i_synth/g_transpose_single_rate.i_transpose_single_rate/i_cntrl_opcode/gen_dly.gen_shiftreg.gen_rtl_delay.delay_bus_reg[0][19]' (FDE) to 'U0/i_synth/g_transpose_single_rate.i_transpose_single_rate/i_cntrl_opcode/gen_dly.gen_shiftreg.gen_rtl_delay.delay_bus_reg[0][10]'
INFO: [Synth 8-3886] merging instance 'U0/i_synth/g_transpose_single_rate.i_transpose_single_rate/i_cntrl_opcode/gen_dly.gen_shiftreg.gen_rtl_delay.delay_bus_reg[0][10]' (FDE) to 'U0/i_synth/g_transpose_single_rate.i_transpose_single_rate/i_cntrl_opcode/gen_dly.gen_shiftreg.gen_rtl_delay.delay_bus_reg[0][11]'
INFO: [Synth 8-3886] merging instance 'U0/i_synth/g_transpose_single_rate.i_transpose_single_rate/i_cntrl_opcode/gen_dly.gen_shiftreg.gen_rtl_delay.delay_bus_reg[0][11]' (FDE) to 'U0/i_synth/g_transpose_single_rate.i_transpose_single_rate/i_cntrl_opcode/gen_dly.gen_shiftreg.gen_rtl_delay.delay_bus_reg[0][12]'
INFO: [Synth 8-3886] merging instance 'U0/i_synth/g_transpose_single_rate.i_transpose_single_rate/i_cntrl_opcode/gen_dly.gen_shiftreg.gen_rtl_delay.delay_bus_reg[1][13]' (FDE) to 'U0/i_synth/g_transpose_single_rate.i_transpose_single_rate/i_cntrl_opcode/gen_dly.gen_shiftreg.gen_rtl_delay.delay_bus_reg[1][15]'
INFO: [Synth 8-3886] merging instance 'U0/i_synth/g_transpose_single_rate.i_transpose_single_rate/i_cntrl_opcode/gen_dly.gen_shiftreg.gen_rtl_delay.delay_bus_reg[1][16]' (FDE) to 'U0/i_synth/g_transpose_single_rate.i_transpose_single_rate/i_cntrl_opcode/gen_dly.gen_shiftreg.gen_rtl_delay.delay_bus_reg[1][11]'
INFO: [Synth 8-3886] merging instance 'U0/i_synth/g_transpose_single_rate.i_transpose_single_rate/i_cntrl_opcode/gen_dly.gen_shiftreg.gen_rtl_delay.delay_bus_reg[1][19]' (FDE) to 'U0/i_synth/g_transpose_single_rate.i_transpose_single_rate/i_cntrl_opcode/gen_dly.gen_shiftreg.gen_rtl_delay.delay_bus_reg[1][11]'
INFO: [Synth 8-3886] merging instance 'U0/i_synth/g_transpose_single_rate.i_transpose_single_rate/i_cntrl_opcode/gen_dly.gen_shiftreg.gen_rtl_delay.delay_bus_reg[1][10]' (FDE) to 'U0/i_synth/g_transpose_single_rate.i_transpose_single_rate/i_cntrl_opcode/gen_dly.gen_shiftreg.gen_rtl_delay.delay_bus_reg[1][11]'
INFO: [Synth 8-3886] merging instance 'U0/i_synth/g_transpose_single_rate.i_transpose_single_rate/i_cntrl_opcode/gen_dly.gen_shiftreg.gen_rtl_delay.delay_bus_reg[1][11]' (FDE) to 'U0/i_synth/g_transpose_single_rate.i_transpose_single_rate/i_cntrl_opcode/gen_dly.gen_shiftreg.gen_rtl_delay.delay_bus_reg[1][12]'
INFO: [Synth 8-3886] merging instance 'U0/i_synth/g_transpose_single_rate.i_transpose_single_rate/g_paths[0].g_coef_mem_array[3].i_mem/g_individual.g_mem_b.i_mem_b/gen_dram.gen_rom.d_out_reg[0]' (FDE) to 'U0/i_synth/g_transpose_single_rate.i_transpose_single_rate/g_paths[0].g_coef_mem_array[3].i_mem/g_individual.g_mem_b.i_mem_b/gen_dram.gen_rom.d_out_reg[2]'
INFO: [Synth 8-3886] merging instance 'U0/i_synth/g_transpose_single_rate.i_transpose_single_rate/g_paths[0].g_coef_mem_array[3].i_mem/g_individual.g_mem_b.i_mem_b/gen_dram.gen_rom.d_out_reg[1]' (FDE) to 'U0/i_synth/g_transpose_single_rate.i_transpose_single_rate/g_paths[0].g_coef_mem_array[3].i_mem/g_individual.g_mem_b.i_mem_b/gen_dram.gen_rom.d_out_reg[8]'
INFO: [Synth 8-3886] merging instance 'U0/i_synth/g_transpose_single_rate.i_transpose_single_rate/g_paths[0].g_coef_mem_array[3].i_mem/g_individual.g_mem_b.i_mem_b/gen_dram.gen_rom.d_out_reg[2]' (FDE) to 'U0/i_synth/g_transpose_single_rate.i_transpose_single_rate/g_paths[0].g_coef_mem_array[3].i_mem/g_individual.g_mem_b.i_mem_b/gen_dram.gen_rom.d_out_reg[3]'
INFO: [Synth 8-3886] merging instance 'U0/i_synth/g_transpose_single_rate.i_transpose_single_rate/g_paths[0].g_coef_mem_array[3].i_mem/g_individual.g_mem_b.i_mem_b/gen_dram.gen_rom.d_out_reg[3]' (FDE) to 'U0/i_synth/g_transpose_single_rate.i_transpose_single_rate/g_paths[0].g_coef_mem_array[3].i_mem/g_individual.g_mem_b.i_mem_b/gen_dram.gen_rom.d_out_reg[7]'
INFO: [Synth 8-3886] merging instance 'U0/i_synth/g_transpose_single_rate.i_transpose_single_rate/g_paths[0].g_coef_mem_array[3].i_mem/g_individual.g_mem_b.i_mem_b/gen_dram.gen_rom.d_out_reg[4]' (FDE) to 'U0/i_synth/g_transpose_single_rate.i_transpose_single_rate/g_paths[0].g_coef_mem_array[3].i_mem/g_individual.g_mem_b.i_mem_b/gen_dram.gen_rom.d_out_reg[6]'
INFO: [Synth 8-3886] merging instance 'U0/i_synth/g_transpose_single_rate.i_transpose_single_rate/g_paths[0].g_coef_mem_array[3].i_mem/g_individual.g_mem_b.i_mem_b/gen_dram.gen_rom.d_out_reg[5]' (FDE) to 'U0/i_synth/g_transpose_single_rate.i_transpose_single_rate/g_paths[0].g_coef_mem_array[3].i_mem/g_individual.g_mem_b.i_mem_b/gen_dram.gen_rom.d_out_reg[9]'
INFO: [Synth 8-3886] merging instance 'U0/i_synth/g_transpose_single_rate.i_transpose_single_rate/g_paths[0].g_coef_mem_array[3].i_mem/g_individual.g_mem_b.i_mem_b/gen_dram.gen_rom.d_out_reg[7]' (FDE) to 'U0/i_synth/g_transpose_single_rate.i_transpose_single_rate/g_paths[0].g_coef_mem_array[3].i_mem/g_individual.g_mem_b.i_mem_b/gen_dram.gen_rom.d_out_reg[10]'
INFO: [Synth 8-3886] merging instance 'U0/i_synth/g_transpose_single_rate.i_transpose_single_rate/g_paths[0].g_coef_mem_array[3].i_mem/g_individual.g_mem_b.i_mem_b/gen_dram.gen_rom.d_out_reg[9]' (FDE) to 'U0/i_synth/g_transpose_single_rate.i_transpose_single_rate/g_paths[0].g_coef_mem_array[3].i_mem/g_individual.g_mem_b.i_mem_b/gen_dram.gen_rom.d_out_reg[12]'
INFO: [Synth 8-3886] merging instance 'U0/i_synth/g_transpose_single_rate.i_transpose_single_rate/g_paths[0].g_coef_mem_array[3].i_mem/g_individual.g_mem_b.i_mem_b/gen_dram.gen_rom.d_out_reg[10]' (FDE) to 'U0/i_synth/g_transpose_single_rate.i_transpose_single_rate/g_paths[0].g_coef_mem_array[3].i_mem/g_individual.g_mem_b.i_mem_b/gen_dram.gen_rom.d_out_reg[11]'
INFO: [Synth 8-3886] merging instance 'U0/i_synth/g_transpose_single_rate.i_transpose_single_rate/g_paths[0].g_coef_mem_array[3].i_mem/g_individual.g_mem_b.i_mem_b/gen_dram.gen_rom.d_out_reg[12]' (FDE) to 'U0/i_synth/g_transpose_single_rate.i_transpose_single_rate/g_paths[0].g_coef_mem_array[3].i_mem/g_individual.g_mem_b.i_mem_b/gen_dram.gen_rom.d_out_reg[13]'
INFO: [Synth 8-3886] merging instance 'U0/i_synth/g_transpose_single_rate.i_transpose_single_rate/g_paths[0].g_coef_mem_array[3].i_mem/g_individual.g_mem_b.i_mem_b/gen_dram.gen_rom.d_out_reg[13]' (FDE) to 'U0/i_synth/g_transpose_single_rate.i_transpose_single_rate/g_paths[0].g_coef_mem_array[3].i_mem/g_individual.g_mem_b.i_mem_b/gen_dram.gen_rom.d_out_reg[14]'
INFO: [Synth 8-3886] merging instance 'U0/i_synth/g_transpose_single_rate.i_transpose_single_rate/g_paths[0].g_coef_mem_array[3].i_mem/g_individual.g_mem_b.i_mem_b/gen_dram.gen_rom.d_out_reg[14]' (FDE) to 'U0/i_synth/g_transpose_single_rate.i_transpose_single_rate/g_paths[0].g_coef_mem_array[3].i_mem/g_individual.g_mem_b.i_mem_b/gen_dram.gen_rom.d_out_reg[15]'
INFO: [Synth 8-3333] propagating constant 0 across sequential element (U0/i_synth/\g_transpose_single_rate.i_transpose_single_rate/g_paths[0].g_coef_mem_array[3].i_mem/g_individual.g_mem_b.i_mem_b /\gen_dram.gen_rom.d_out_reg[15] )
INFO: [Synth 8-3886] merging instance 'U0/i_synth/g_transpose_single_rate.i_transpose_single_rate/g_paths[0].g_coef_mem_array[3].i_mem/g_individual.i_mem_a/gen_dram.gen_rom.d_out_reg[0]' (FDE) to 'U0/i_synth/g_transpose_single_rate.i_transpose_single_rate/g_paths[0].g_coef_mem_array[3].i_mem/g_individual.i_mem_a/gen_dram.gen_rom.d_out_reg[3]'
INFO: [Synth 8-3886] merging instance 'U0/i_synth/g_transpose_single_rate.i_transpose_single_rate/g_paths[0].g_coef_mem_array[3].i_mem/g_individual.i_mem_a/gen_dram.gen_rom.d_out_reg[1]' (FDE) to 'U0/i_synth/g_transpose_single_rate.i_transpose_single_rate/g_paths[0].g_coef_mem_array[3].i_mem/g_individual.i_mem_a/gen_dram.gen_rom.d_out_reg[5]'
INFO: [Synth 8-3886] merging instance 'U0/i_synth/g_transpose_single_rate.i_transpose_single_rate/g_paths[0].g_coef_mem_array[3].i_mem/g_individual.i_mem_a/gen_dram.gen_rom.d_out_reg[2]' (FDE) to 'U0/i_synth/g_transpose_single_rate.i_transpose_single_rate/g_paths[0].g_coef_mem_array[3].i_mem/g_individual.i_mem_a/gen_dram.gen_rom.d_out_reg[8]'
INFO: [Synth 8-3333] propagating constant 0 across sequential element (U0/i_synth/\g_transpose_single_rate.i_transpose_single_rate/g_paths[0].g_coef_mem_array[3].i_mem/g_individual.i_mem_a /\gen_dram.gen_rom.d_out_reg[3] )
INFO: [Synth 8-3886] merging instance 'U0/i_synth/g_transpose_single_rate.i_transpose_single_rate/g_paths[0].g_coef_mem_array[3].i_mem/g_individual.i_mem_a/gen_dram.gen_rom.d_out_reg[4]' (FDE) to 'U0/i_synth/g_transpose_single_rate.i_transpose_single_rate/g_paths[0].g_coef_mem_array[3].i_mem/g_individual.i_mem_a/gen_dram.gen_rom.d_out_reg[8]'
INFO: [Synth 8-3886] merging instance 'U0/i_synth/g_transpose_single_rate.i_transpose_single_rate/g_paths[0].g_coef_mem_array[3].i_mem/g_individual.i_mem_a/gen_dram.gen_rom.d_out_reg[5]' (FDE) to 'U0/i_synth/g_transpose_single_rate.i_transpose_single_rate/g_paths[0].g_coef_mem_array[3].i_mem/g_individual.i_mem_a/gen_dram.gen_rom.d_out_reg[10]'
INFO: [Synth 8-3886] merging instance 'U0/i_synth/g_transpose_single_rate.i_transpose_single_rate/g_paths[0].g_coef_mem_array[3].i_mem/g_individual.i_mem_a/gen_dram.gen_rom.d_out_reg[6]' (FDE) to 'U0/i_synth/g_transpose_single_rate.i_transpose_single_rate/g_paths[0].g_coef_mem_array[3].i_mem/g_individual.i_mem_a/gen_dram.gen_rom.d_out_reg[8]'
INFO: [Synth 8-3886] merging instance 'U0/i_synth/g_transpose_single_rate.i_transpose_single_rate/g_paths[0].g_coef_mem_array[3].i_mem/g_individual.i_mem_a/gen_dram.gen_rom.d_out_reg[7]' (FDE) to 'U0/i_synth/g_transpose_single_rate.i_transpose_single_rate/g_paths[0].g_coef_mem_array[3].i_mem/g_individual.i_mem_a/gen_dram.gen_rom.d_out_reg[9]'
INFO: [Synth 8-3886] merging instance 'U0/i_synth/g_transpose_single_rate.i_transpose_single_rate/g_paths[0].g_coef_mem_array[3].i_mem/g_individual.i_mem_a/gen_dram.gen_rom.d_out_reg[10]' (FDE) to 'U0/i_synth/g_transpose_single_rate.i_transpose_single_rate/g_paths[0].g_coef_mem_array[3].i_mem/g_individual.i_mem_a/gen_dram.gen_rom.d_out_reg[11]'
INFO: [Synth 8-3886] merging instance 'U0/i_synth/g_transpose_single_rate.i_transpose_single_rate/g_paths[0].g_coef_mem_array[3].i_mem/g_individual.i_mem_a/gen_dram.gen_rom.d_out_reg[11]' (FDE) to 'U0/i_synth/g_transpose_single_rate.i_transpose_single_rate/g_paths[0].g_coef_mem_array[3].i_mem/g_individual.i_mem_a/gen_dram.gen_rom.d_out_reg[12]'
INFO: [Synth 8-3886] merging instance 'U0/i_synth/g_transpose_single_rate.i_transpose_single_rate/g_paths[0].g_coef_mem_array[3].i_mem/g_individual.i_mem_a/gen_dram.gen_rom.d_out_reg[12]' (FDE) to 'U0/i_synth/g_transpose_single_rate.i_transpose_single_rate/g_paths[0].g_coef_mem_array[3].i_mem/g_individual.i_mem_a/gen_dram.gen_rom.d_out_reg[13]'
INFO: [Synth 8-3886] merging instance 'U0/i_synth/g_transpose_single_rate.i_transpose_single_rate/g_paths[0].g_coef_mem_array[3].i_mem/g_individual.i_mem_a/gen_dram.gen_rom.d_out_reg[13]' (FDE) to 'U0/i_synth/g_transpose_single_rate.i_transpose_single_rate/g_paths[0].g_coef_mem_array[3].i_mem/g_individual.i_mem_a/gen_dram.gen_rom.d_out_reg[14]'
INFO: [Synth 8-3886] merging instance 'U0/i_synth/g_transpose_single_rate.i_transpose_single_rate/g_paths[0].g_coef_mem_array[3].i_mem/g_individual.i_mem_a/gen_dram.gen_rom.d_out_reg[14]' (FDE) to 'U0/i_synth/g_transpose_single_rate.i_transpose_single_rate/g_paths[0].g_coef_mem_array[3].i_mem/g_individual.i_mem_a/gen_dram.gen_rom.d_out_reg[15]'
INFO: [Synth 8-3886] merging instance 'U0/i_synth/g_transpose_single_rate.i_transpose_single_rate/g_paths[0].g_coef_mem_array[2].i_mem/g_individual.g_mem_b.i_mem_b/gen_dram.gen_rom.d_out_reg[0]' (FDE) to 'U0/i_synth/g_transpose_single_rate.i_transpose_single_rate/g_paths[0].g_coef_mem_array[2].i_mem/g_individual.g_mem_b.i_mem_b/gen_dram.gen_rom.d_out_reg[2]'
INFO: [Synth 8-3886] merging instance 'U0/i_synth/g_transpose_single_rate.i_transpose_single_rate/g_paths[0].g_coef_mem_array[2].i_mem/g_individual.g_mem_b.i_mem_b/gen_dram.gen_rom.d_out_reg[1]' (FDE) to 'U0/i_synth/g_transpose_single_rate.i_transpose_single_rate/g_paths[0].g_coef_mem_array[2].i_mem/g_individual.g_mem_b.i_mem_b/gen_dram.gen_rom.d_out_reg[12]'
INFO: [Synth 8-3886] merging instance 'U0/i_synth/g_transpose_single_rate.i_transpose_single_rate/g_paths[0].g_coef_mem_array[2].i_mem/g_individual.g_mem_b.i_mem_b/gen_dram.gen_rom.d_out_reg[2]' (FDE) to 'U0/i_synth/g_transpose_single_rate.i_transpose_single_rate/g_paths[0].g_coef_mem_array[2].i_mem/g_individual.g_mem_b.i_mem_b/gen_dram.gen_rom.d_out_reg[8]'
INFO: [Synth 8-3886] merging instance 'U0/i_synth/g_transpose_single_rate.i_transpose_single_rate/g_paths[0].g_coef_mem_array[2].i_mem/g_individual.g_mem_b.i_mem_b/gen_dram.gen_rom.d_out_reg[3]' (FDE) to 'U0/i_synth/g_transpose_single_rate.i_transpose_single_rate/g_paths[0].g_coef_mem_array[2].i_mem/g_individual.g_mem_b.i_mem_b/gen_dram.gen_rom.d_out_reg[6]'
INFO: [Synth 8-3886] merging instance 'U0/i_synth/g_transpose_single_rate.i_transpose_single_rate/g_paths[0].g_coef_mem_array[2].i_mem/g_individual.g_mem_b.i_mem_b/gen_dram.gen_rom.d_out_reg[4]' (FDE) to 'U0/i_synth/g_transpose_single_rate.i_transpose_single_rate/g_paths[0].g_coef_mem_array[2].i_mem/g_individual.g_mem_b.i_mem_b/gen_dram.gen_rom.d_out_reg[12]'
INFO: [Synth 8-3886] merging instance 'U0/i_synth/g_transpose_single_rate.i_transpose_single_rate/g_paths[0].g_coef_mem_array[2].i_mem/g_individual.g_mem_b.i_mem_b/gen_dram.gen_rom.d_out_reg[5]' (FDE) to 'U0/i_synth/g_transpose_single_rate.i_transpose_single_rate/g_paths[0].g_coef_mem_array[2].i_mem/g_individual.g_mem_b.i_mem_b/gen_dram.gen_rom.d_out_reg[9]'
INFO: [Synth 8-3886] merging instance 'U0/i_synth/g_transpose_single_rate.i_transpose_single_rate/g_paths[0].g_coef_mem_array[2].i_mem/g_individual.g_mem_b.i_mem_b/gen_dram.gen_rom.d_out_reg[6]' (FDE) to 'U0/i_synth/g_transpose_single_rate.i_transpose_single_rate/g_paths[0].g_coef_mem_array[2].i_mem/g_individual.g_mem_b.i_mem_b/gen_dram.gen_rom.d_out_reg[7]'
INFO: [Synth 8-3333] propagating constant 0 across sequential element (U0/i_synth/\g_transpose_single_rate.i_transpose_single_rate/g_paths[0].g_coef_mem_array[2].i_mem/g_individual.g_mem_b.i_mem_b /\gen_dram.gen_rom.d_out_reg[8] )
INFO: [Synth 8-3886] merging instance 'U0/i_synth/g_transpose_single_rate.i_transpose_single_rate/g_paths[0].g_coef_mem_array[2].i_mem/g_individual.g_mem_b.i_mem_b/gen_dram.gen_rom.d_out_reg[9]' (FDE) to 'U0/i_synth/g_transpose_single_rate.i_transpose_single_rate/g_paths[0].g_coef_mem_array[2].i_mem/g_individual.g_mem_b.i_mem_b/gen_dram.gen_rom.d_out_reg[11]'
INFO: [Synth 8-3886] merging instance 'U0/i_synth/g_transpose_single_rate.i_transpose_single_rate/g_paths[0].g_coef_mem_array[2].i_mem/g_individual.g_mem_b.i_mem_b/gen_dram.gen_rom.d_out_reg[10]' (FDE) to 'U0/i_synth/g_transpose_single_rate.i_transpose_single_rate/g_paths[0].g_coef_mem_array[2].i_mem/g_individual.g_mem_b.i_mem_b/gen_dram.gen_rom.d_out_reg[12]'
INFO: [Synth 8-3886] merging instance 'U0/i_synth/g_transpose_single_rate.i_transpose_single_rate/g_paths[0].g_coef_mem_array[2].i_mem/g_individual.g_mem_b.i_mem_b/gen_dram.gen_rom.d_out_reg[11]' (FDE) to 'U0/i_synth/g_transpose_single_rate.i_transpose_single_rate/g_paths[0].g_coef_mem_array[2].i_mem/g_individual.g_mem_b.i_mem_b/gen_dram.gen_rom.d_out_reg[13]'
INFO: [Synth 8-3886] merging instance 'U0/i_synth/g_transpose_single_rate.i_transpose_single_rate/g_paths[0].g_coef_mem_array[2].i_mem/g_individual.g_mem_b.i_mem_b/gen_dram.gen_rom.d_out_reg[13]' (FDE) to 'U0/i_synth/g_transpose_single_rate.i_transpose_single_rate/g_paths[0].g_coef_mem_array[2].i_mem/g_individual.g_mem_b.i_mem_b/gen_dram.gen_rom.d_out_reg[14]'
INFO: [Synth 8-3886] merging instance 'U0/i_synth/g_transpose_single_rate.i_transpose_single_rate/g_paths[0].g_coef_mem_array[2].i_mem/g_individual.g_mem_b.i_mem_b/gen_dram.gen_rom.d_out_reg[14]' (FDE) to 'U0/i_synth/g_transpose_single_rate.i_transpose_single_rate/g_paths[0].g_coef_mem_array[2].i_mem/g_individual.g_mem_b.i_mem_b/gen_dram.gen_rom.d_out_reg[15]'
INFO: [Synth 8-3886] merging instance 'U0/i_synth/g_transpose_single_rate.i_transpose_single_rate/g_paths[0].g_coef_mem_array[2].i_mem/g_individual.i_mem_a/gen_dram.gen_rom.d_out_reg[0]' (FDE) to 'U0/i_synth/g_transpose_single_rate.i_transpose_single_rate/g_paths[0].g_coef_mem_array[2].i_mem/g_individual.i_mem_a/gen_dram.gen_rom.d_out_reg[1]'
INFO: [Synth 8-3886] merging instance 'U0/i_synth/g_transpose_single_rate.i_transpose_single_rate/g_paths[0].g_coef_mem_array[2].i_mem/g_individual.i_mem_a/gen_dram.gen_rom.d_out_reg[1]' (FDE) to 'U0/i_synth/g_transpose_single_rate.i_transpose_single_rate/g_paths[0].g_coef_mem_array[2].i_mem/g_individual.i_mem_a/gen_dram.gen_rom.d_out_reg[6]'
INFO: [Synth 8-3886] merging instance 'U0/i_synth/g_transpose_single_rate.i_transpose_single_rate/g_paths[0].g_coef_mem_array[2].i_mem/g_individual.i_mem_a/gen_dram.gen_rom.d_out_reg[2]' (FDE) to 'U0/i_synth/g_transpose_single_rate.i_transpose_single_rate/g_paths[0].g_coef_mem_array[2].i_mem/g_individual.i_mem_a/gen_dram.gen_rom.d_out_reg[3]'
INFO: [Synth 8-3886] merging instance 'U0/i_synth/g_transpose_single_rate.i_transpose_single_rate/g_paths[0].g_coef_mem_array[2].i_mem/g_individual.i_mem_a/gen_dram.gen_rom.d_out_reg[3]' (FDE) to 'U0/i_synth/g_transpose_single_rate.i_transpose_single_rate/g_paths[0].g_coef_mem_array[2].i_mem/g_individual.i_mem_a/gen_dram.gen_rom.d_out_reg[4]'
INFO: [Synth 8-3886] merging instance 'U0/i_synth/g_transpose_single_rate.i_transpose_single_rate/g_paths[0].g_coef_mem_array[2].i_mem/g_individual.i_mem_a/gen_dram.gen_rom.d_out_reg[4]' (FDE) to 'U0/i_synth/g_transpose_single_rate.i_transpose_single_rate/g_paths[0].g_coef_mem_array[2].i_mem/g_individual.i_mem_a/gen_dram.gen_rom.d_out_reg[7]'
INFO: [Synth 8-3886] merging instance 'U0/i_synth/g_transpose_single_rate.i_transpose_single_rate/g_paths[0].g_coef_mem_array[2].i_mem/g_individual.i_mem_a/gen_dram.gen_rom.d_out_reg[5]' (FDE) to 'U0/i_synth/g_transpose_single_rate.i_transpose_single_rate/g_paths[0].g_coef_mem_array[2].i_mem/g_individual.i_mem_a/gen_dram.gen_rom.d_out_reg[8]'
INFO: [Synth 8-3886] merging instance 'U0/i_synth/g_transpose_single_rate.i_transpose_single_rate/g_paths[0].g_coef_mem_array[2].i_mem/g_individual.i_mem_a/gen_dram.gen_rom.d_out_reg[6]' (FDE) to 'U0/i_synth/g_transpose_single_rate.i_transpose_single_rate/g_paths[0].g_coef_mem_array[2].i_mem/g_individual.i_mem_a/gen_dram.gen_rom.d_out_reg[11]'
INFO: [Synth 8-3886] merging instance 'U0/i_synth/g_transpose_single_rate.i_transpose_single_rate/g_paths[0].g_coef_mem_array[2].i_mem/g_individual.i_mem_a/gen_dram.gen_rom.d_out_reg[7]' (FDE) to 'U0/i_synth/g_transpose_single_rate.i_transpose_single_rate/g_paths[0].g_coef_mem_array[2].i_mem/g_individual.i_mem_a/gen_dram.gen_rom.d_out_reg[10]'
INFO: [Synth 8-3886] merging instance 'U0/i_synth/g_transpose_single_rate.i_transpose_single_rate/g_paths[0].g_coef_mem_array[2].i_mem/g_individual.i_mem_a/gen_dram.gen_rom.d_out_reg[10]' (FDE) to 'U0/i_synth/g_transpose_single_rate.i_transpose_single_rate/g_paths[0].g_coef_mem_array[2].i_mem/g_individual.i_mem_a/gen_dram.gen_rom.d_out_reg[12]'
INFO: [Synth 8-3333] propagating constant 0 across sequential element (U0/i_synth/\g_transpose_single_rate.i_transpose_single_rate/g_paths[0].g_coef_mem_array[2].i_mem/g_individual.i_mem_a /\gen_dram.gen_rom.d_out_reg[11] )
INFO: [Synth 8-3886] merging instance 'U0/i_synth/g_transpose_single_rate.i_transpose_single_rate/g_paths[0].g_coef_mem_array[2].i_mem/g_individual.i_mem_a/gen_dram.gen_rom.d_out_reg[12]' (FDE) to 'U0/i_synth/g_transpose_single_rate.i_transpose_single_rate/g_paths[0].g_coef_mem_array[2].i_mem/g_individual.i_mem_a/gen_dram.gen_rom.d_out_reg[13]'
INFO: [Synth 8-3886] merging instance 'U0/i_synth/g_transpose_single_rate.i_transpose_single_rate/g_paths[0].g_coef_mem_array[2].i_mem/g_individual.i_mem_a/gen_dram.gen_rom.d_out_reg[13]' (FDE) to 'U0/i_synth/g_transpose_single_rate.i_transpose_single_rate/g_paths[0].g_coef_mem_array[2].i_mem/g_individual.i_mem_a/gen_dram.gen_rom.d_out_reg[14]'
INFO: [Synth 8-3886] merging instance 'U0/i_synth/g_transpose_single_rate.i_transpose_single_rate/g_paths[0].g_coef_mem_array[2].i_mem/g_individual.i_mem_a/gen_dram.gen_rom.d_out_reg[14]' (FDE) to 'U0/i_synth/g_transpose_single_rate.i_transpose_single_rate/g_paths[0].g_coef_mem_array[2].i_mem/g_individual.i_mem_a/gen_dram.gen_rom.d_out_reg[15]'
INFO: [Synth 8-3886] merging instance 'U0/i_synth/g_transpose_single_rate.i_transpose_single_rate/g_paths[0].g_coef_mem_array[1].i_mem/g_individual.g_mem_b.i_mem_b/gen_dram.gen_rom.d_out_reg[0]' (FDE) to 'U0/i_synth/g_transpose_single_rate.i_transpose_single_rate/g_paths[0].g_coef_mem_array[1].i_mem/g_individual.g_mem_b.i_mem_b/gen_dram.gen_rom.d_out_reg[6]'
INFO: [Synth 8-3886] merging instance 'U0/i_synth/g_transpose_single_rate.i_transpose_single_rate/g_paths[0].g_coef_mem_array[1].i_mem/g_individual.g_mem_b.i_mem_b/gen_dram.gen_rom.d_out_reg[1]' (FDE) to 'U0/i_synth/g_transpose_single_rate.i_transpose_single_rate/g_paths[0].g_coef_mem_array[1].i_mem/g_individual.g_mem_b.i_mem_b/gen_dram.gen_rom.d_out_reg[10]'
INFO: [Synth 8-3886] merging instance 'U0/i_synth/g_transpose_single_rate.i_transpose_single_rate/g_paths[0].g_coef_mem_array[1].i_mem/g_individual.g_mem_b.i_mem_b/gen_dram.gen_rom.d_out_reg[2]' (FDE) to 'U0/i_synth/g_transpose_single_rate.i_transpose_single_rate/g_paths[0].g_coef_mem_array[1].i_mem/g_individual.g_mem_b.i_mem_b/gen_dram.gen_rom.d_out_reg[9]'
INFO: [Synth 8-3886] merging instance 'U0/i_synth/g_transpose_single_rate.i_transpose_single_rate/g_paths[0].g_coef_mem_array[1].i_mem/g_individual.g_mem_b.i_mem_b/gen_dram.gen_rom.d_out_reg[3]' (FDE) to 'U0/i_synth/g_transpose_single_rate.i_transpose_single_rate/g_paths[0].g_coef_mem_array[1].i_mem/g_individual.g_mem_b.i_mem_b/gen_dram.gen_rom.d_out_reg[4]'
INFO: [Synth 8-3886] merging instance 'U0/i_synth/g_transpose_single_rate.i_transpose_single_rate/g_paths[0].g_coef_mem_array[1].i_mem/g_individual.g_mem_b.i_mem_b/gen_dram.gen_rom.d_out_reg[4]' (FDE) to 'U0/i_synth/g_transpose_single_rate.i_transpose_single_rate/g_paths[0].g_coef_mem_array[1].i_mem/g_individual.g_mem_b.i_mem_b/gen_dram.gen_rom.d_out_reg[5]'
INFO: [Synth 8-3886] merging instance 'U0/i_synth/g_transpose_single_rate.i_transpose_single_rate/g_paths[0].g_coef_mem_array[1].i_mem/g_individual.g_mem_b.i_mem_b/gen_dram.gen_rom.d_out_reg[5]' (FDE) to 'U0/i_synth/g_transpose_single_rate.i_transpose_single_rate/g_paths[0].g_coef_mem_array[1].i_mem/g_individual.g_mem_b.i_mem_b/gen_dram.gen_rom.d_out_reg[7]'
INFO: [Synth 8-3886] merging instance 'U0/i_synth/g_transpose_single_rate.i_transpose_single_rate/g_paths[0].g_coef_mem_array[1].i_mem/g_individual.g_mem_b.i_mem_b/gen_dram.gen_rom.d_out_reg[6]' (FDE) to 'U0/i_synth/g_transpose_single_rate.i_transpose_single_rate/g_paths[0].g_coef_mem_array[1].i_mem/g_individual.g_mem_b.i_mem_b/gen_dram.gen_rom.d_out_reg[13]'
INFO: [Synth 8-3886] merging instance 'U0/i_synth/g_transpose_single_rate.i_transpose_single_rate/g_paths[0].g_coef_mem_array[1].i_mem/g_individual.g_mem_b.i_mem_b/gen_dram.gen_rom.d_out_reg[7]' (FDE) to 'U0/i_synth/g_transpose_single_rate.i_transpose_single_rate/g_paths[0].g_coef_mem_array[1].i_mem/g_individual.g_mem_b.i_mem_b/gen_dram.gen_rom.d_out_reg[8]'
INFO: [Synth 8-3886] merging instance 'U0/i_synth/g_transpose_single_rate.i_transpose_single_rate/g_paths[0].g_coef_mem_array[1].i_mem/g_individual.g_mem_b.i_mem_b/gen_dram.gen_rom.d_out_reg[10]' (FDE) to 'U0/i_synth/g_transpose_single_rate.i_transpose_single_rate/g_paths[0].g_coef_mem_array[1].i_mem/g_individual.g_mem_b.i_mem_b/gen_dram.gen_rom.d_out_reg[11]'
INFO: [Synth 8-3886] merging instance 'U0/i_synth/g_transpose_single_rate.i_transpose_single_rate/g_paths[0].g_coef_mem_array[1].i_mem/g_individual.g_mem_b.i_mem_b/gen_dram.gen_rom.d_out_reg[11]' (FDE) to 'U0/i_synth/g_transpose_single_rate.i_transpose_single_rate/g_paths[0].g_coef_mem_array[1].i_mem/g_individual.g_mem_b.i_mem_b/gen_dram.gen_rom.d_out_reg[12]'
INFO: [Synth 8-3886] merging instance 'U0/i_synth/g_transpose_single_rate.i_transpose_single_rate/g_paths[0].g_coef_mem_array[1].i_mem/g_individual.g_mem_b.i_mem_b/gen_dram.gen_rom.d_out_reg[13]' (FDE) to 'U0/i_synth/g_transpose_single_rate.i_transpose_single_rate/g_paths[0].g_coef_mem_array[1].i_mem/g_individual.g_mem_b.i_mem_b/gen_dram.gen_rom.d_out_reg[14]'
INFO: [Synth 8-3886] merging instance 'U0/i_synth/g_transpose_single_rate.i_transpose_single_rate/g_paths[0].g_coef_mem_array[1].i_mem/g_individual.g_mem_b.i_mem_b/gen_dram.gen_rom.d_out_reg[14]' (FDE) to 'U0/i_synth/g_transpose_single_rate.i_transpose_single_rate/g_paths[0].g_coef_mem_array[1].i_mem/g_individual.g_mem_b.i_mem_b/gen_dram.gen_rom.d_out_reg[15]'
INFO: [Synth 8-3333] propagating constant 0 across sequential element (U0/i_synth/\g_transpose_single_rate.i_transpose_single_rate/g_paths[0].g_coef_mem_array[1].i_mem/g_individual.g_mem_b.i_mem_b /\gen_dram.gen_rom.d_out_reg[15] )
INFO: [Synth 8-3886] merging instance 'U0/i_synth/g_transpose_single_rate.i_transpose_single_rate/broadcast_opcode_reg[3]' (FDE) to 'U0/i_synth/g_transpose_single_rate.i_transpose_single_rate/broadcast_opcode_reg[5]'
INFO: [Synth 8-3886] merging instance 'U0/i_synth/g_transpose_single_rate.i_transpose_single_rate/broadcast_opcode_reg[6]' (FDE) to 'U0/i_synth/g_transpose_single_rate.i_transpose_single_rate/broadcast_opcode_reg[9]'
INFO: [Synth 8-3886] merging instance 'U0/i_synth/g_transpose_single_rate.i_transpose_single_rate/broadcast_opcode_reg[9]' (FDE) to 'U0/i_synth/g_transpose_single_rate.i_transpose_single_rate/broadcast_opcode_reg[2]'
INFO: [Synth 8-3886] merging instance 'U0/i_synth/g_transpose_single_rate.i_transpose_single_rate/g_paths[0].g_coef_mem_array[1].i_mem/g_individual.i_mem_a/gen_dram.gen_rom.d_out_reg[0]' (FDE) to 'U0/i_synth/g_transpose_single_rate.i_transpose_single_rate/g_paths[0].g_coef_mem_array[1].i_mem/g_individual.i_mem_a/gen_dram.gen_rom.d_out_reg[2]'
INFO: [Synth 8-3886] merging instance 'U0/i_synth/g_transpose_single_rate.i_transpose_single_rate/g_paths[0].g_coef_mem_array[1].i_mem/g_individual.i_mem_a/gen_dram.gen_rom.d_out_reg[1]' (FDE) to 'U0/i_synth/g_transpose_single_rate.i_transpose_single_rate/g_paths[0].g_coef_mem_array[1].i_mem/g_individual.i_mem_a/gen_dram.gen_rom.d_out_reg[10]'
INFO: [Synth 8-3886] merging instance 'U0/i_synth/g_transpose_single_rate.i_transpose_single_rate/g_paths[0].g_coef_mem_array[1].i_mem/g_individual.i_mem_a/gen_dram.gen_rom.d_out_reg[2]' (FDE) to 'U0/i_synth/g_transpose_single_rate.i_transpose_single_rate/g_paths[0].g_coef_mem_array[1].i_mem/g_individual.i_mem_a/gen_dram.gen_rom.d_out_reg[4]'
INFO: [Synth 8-3886] merging instance 'U0/i_synth/g_transpose_single_rate.i_transpose_single_rate/g_paths[0].g_coef_mem_array[1].i_mem/g_individual.i_mem_a/gen_dram.gen_rom.d_out_reg[3]' (FDE) to 'U0/i_synth/g_transpose_single_rate.i_transpose_single_rate/g_paths[0].g_coef_mem_array[1].i_mem/g_individual.i_mem_a/gen_dram.gen_rom.d_out_reg[6]'
INFO: [Synth 8-3886] merging instance 'U0/i_synth/g_transpose_single_rate.i_transpose_single_rate/g_paths[0].g_coef_mem_array[1].i_mem/g_individual.i_mem_a/gen_dram.gen_rom.d_out_reg[4]' (FDE) to 'U0/i_synth/g_transpose_single_rate.i_transpose_single_rate/g_paths[0].g_coef_mem_array[1].i_mem/g_individual.i_mem_a/gen_dram.gen_rom.d_out_reg[5]'
INFO: [Synth 8-3886] merging instance 'U0/i_synth/g_transpose_single_rate.i_transpose_single_rate/g_paths[0].g_coef_mem_array[1].i_mem/g_individual.i_mem_a/gen_dram.gen_rom.d_out_reg[6]' (FDE) to 'U0/i_synth/g_transpose_single_rate.i_transpose_single_rate/g_paths[0].g_coef_mem_array[1].i_mem/g_individual.i_mem_a/gen_dram.gen_rom.d_out_reg[7]'
INFO: [Synth 8-3886] merging instance 'U0/i_synth/g_transpose_single_rate.i_transpose_single_rate/g_paths[0].g_coef_mem_array[1].i_mem/g_individual.i_mem_a/gen_dram.gen_rom.d_out_reg[7]' (FDE) to 'U0/i_synth/g_transpose_single_rate.i_transpose_single_rate/g_paths[0].g_coef_mem_array[1].i_mem/g_individual.i_mem_a/gen_dram.gen_rom.d_out_reg[11]'
INFO: [Synth 8-3886] merging instance 'U0/i_synth/g_transpose_single_rate.i_transpose_single_rate/g_paths[0].g_coef_mem_array[1].i_mem/g_individual.i_mem_a/gen_dram.gen_rom.d_out_reg[8]' (FDE) to 'U0/i_synth/g_transpose_single_rate.i_transpose_single_rate/g_paths[0].g_coef_mem_array[1].i_mem/g_individual.i_mem_a/gen_dram.gen_rom.d_out_reg[15]'
INFO: [Synth 8-3886] merging instance 'U0/i_synth/g_transpose_single_rate.i_transpose_single_rate/g_paths[0].g_coef_mem_array[1].i_mem/g_individual.i_mem_a/gen_dram.gen_rom.d_out_reg[9]' (FDE) to 'U0/i_synth/g_transpose_single_rate.i_transpose_single_rate/g_paths[0].g_coef_mem_array[1].i_mem/g_individual.i_mem_a/gen_dram.gen_rom.d_out_reg[15]'
INFO: [Synth 8-3333] propagating constant 0 across sequential element (U0/i_synth/\g_transpose_single_rate.i_transpose_single_rate/g_paths[0].g_coef_mem_array[1].i_mem/g_individual.i_mem_a /\gen_dram.gen_rom.d_out_reg[10] )
INFO: [Synth 8-3886] merging instance 'U0/i_synth/g_transpose_single_rate.i_transpose_single_rate/g_paths[0].g_coef_mem_array[1].i_mem/g_individual.i_mem_a/gen_dram.gen_rom.d_out_reg[11]' (FDE) to 'U0/i_synth/g_transpose_single_rate.i_transpose_single_rate/g_paths[0].g_coef_mem_array[1].i_mem/g_individual.i_mem_a/gen_dram.gen_rom.d_out_reg[12]'
INFO: [Synth 8-3886] merging instance 'U0/i_synth/g_transpose_single_rate.i_transpose_single_rate/g_paths[0].g_coef_mem_array[1].i_mem/g_individual.i_mem_a/gen_dram.gen_rom.d_out_reg[12]' (FDE) to 'U0/i_synth/g_transpose_single_rate.i_transpose_single_rate/g_paths[0].g_coef_mem_array[1].i_mem/g_individual.i_mem_a/gen_dram.gen_rom.d_out_reg[13]'
INFO: [Synth 8-3886] merging instance 'U0/i_synth/g_transpose_single_rate.i_transpose_single_rate/g_paths[0].g_coef_mem_array[1].i_mem/g_individual.i_mem_a/gen_dram.gen_rom.d_out_reg[14]' (FDE) to 'U0/i_synth/g_transpose_single_rate.i_transpose_single_rate/g_paths[0].g_coef_mem_array[1].i_mem/g_individual.i_mem_a/gen_dram.gen_rom.d_out_reg[15]'
INFO: [Synth 8-3886] merging instance 'U0/i_synth/g_transpose_single_rate.i_transpose_single_rate/broadcast_opcode_reg[0]' (FDE) to 'U0/i_synth/g_transpose_single_rate.i_transpose_single_rate/broadcast_opcode_reg[2]'
INFO: [Synth 8-3886] merging instance 'U0/i_synth/g_transpose_single_rate.i_transpose_single_rate/broadcast_opcode_reg[1]' (FDE) to 'U0/i_synth/g_transpose_single_rate.i_transpose_single_rate/broadcast_opcode_reg[2]'
INFO: [Synth 8-3333] propagating constant 0 across sequential element (U0/i_synth/\g_transpose_single_rate.i_transpose_single_rate/broadcast_opcode_reg[2] )
INFO: [Synth 8-3333] propagating constant 0 across sequential element (U0/i_synth/\g_transpose_single_rate.i_transpose_single_rate/gen_data_addr_reg[2] )
INFO: [Synth 8-3333] propagating constant 0 across sequential element (U0/i_synth/\g_transpose_single_rate.i_transpose_single_rate/gen_data_addr_reg[1] )
INFO: [Synth 8-3333] propagating constant 0 across sequential element (U0/i_synth/\g_transpose_single_rate.i_transpose_single_rate/gen_data_addr_reg[0] )
INFO: [Synth 8-3886] merging instance 'U0/i_synth/g_transpose_single_rate.i_transpose_single_rate/i_cntrl_opcode/gen_dly.gen_shiftreg.gen_rtl_delay.delay_bus_reg[0][3]' (FDE) to 'U0/i_synth/g_transpose_single_rate.i_transpose_single_rate/i_cntrl_opcode/gen_dly.gen_shiftreg.gen_rtl_delay.delay_bus_reg[0][5]'
INFO: [Synth 8-3886] merging instance 'U0/i_synth/g_transpose_single_rate.i_transpose_single_rate/i_cntrl_opcode/gen_dly.gen_shiftreg.gen_rtl_delay.delay_bus_reg[0][6]' (FDE) to 'U0/i_synth/g_transpose_single_rate.i_transpose_single_rate/i_cntrl_opcode/gen_dly.gen_shiftreg.gen_rtl_delay.delay_bus_reg[0][0]'
INFO: [Synth 8-3886] merging instance 'U0/i_synth/g_transpose_single_rate.i_transpose_single_rate/i_cntrl_opcode/gen_dly.gen_shiftreg.gen_rtl_delay.delay_bus_reg[0][9]' (FDE) to 'U0/i_synth/g_transpose_single_rate.i_transpose_single_rate/i_cntrl_opcode/gen_dly.gen_shiftreg.gen_rtl_delay.delay_bus_reg[0][0]'
INFO: [Synth 8-3886] merging instance 'U0/i_synth/g_transpose_single_rate.i_transpose_single_rate/g_paths[0].g_coef_mem_array[0].i_mem/g_individual.g_mem_b.i_mem_b/gen_dram.gen_rom.d_out_reg[0]' (FDE) to 'U0/i_synth/g_transpose_single_rate.i_transpose_single_rate/g_paths[0].g_coef_mem_array[0].i_mem/g_individual.g_mem_b.i_mem_b/gen_dram.gen_rom.d_out_reg[4]'
INFO: [Synth 8-3886] merging instance 'U0/i_synth/g_transpose_single_rate.i_transpose_single_rate/g_paths[0].g_coef_mem_array[0].i_mem/g_individual.g_mem_b.i_mem_b/gen_dram.gen_rom.d_out_reg[1]' (FDE) to 'U0/i_synth/g_transpose_single_rate.i_transpose_single_rate/g_paths[0].g_coef_mem_array[0].i_mem/g_individual.g_mem_b.i_mem_b/gen_dram.gen_rom.d_out_reg[6]'
INFO: [Synth 8-3886] merging instance 'U0/i_synth/g_transpose_single_rate.i_transpose_single_rate/g_paths[0].g_coef_mem_array[0].i_mem/g_individual.g_mem_b.i_mem_b/gen_dram.gen_rom.d_out_reg[2]' (FDE) to 'U0/i_synth/g_transpose_single_rate.i_transpose_single_rate/g_paths[0].g_coef_mem_array[0].i_mem/g_individual.g_mem_b.i_mem_b/gen_dram.gen_rom.d_out_reg[15]'
INFO: [Synth 8-3886] merging instance 'U0/i_synth/g_transpose_single_rate.i_transpose_single_rate/g_paths[0].g_coef_mem_array[0].i_mem/g_individual.g_mem_b.i_mem_b/gen_dram.gen_rom.d_out_reg[3]' (FDE) to 'U0/i_synth/g_transpose_single_rate.i_transpose_single_rate/g_paths[0].g_coef_mem_array[0].i_mem/g_individual.g_mem_b.i_mem_b/gen_dram.gen_rom.d_out_reg[9]'
INFO: [Synth 8-3886] merging instance 'U0/i_synth/g_transpose_single_rate.i_transpose_single_rate/g_paths[0].g_coef_mem_array[0].i_mem/g_individual.g_mem_b.i_mem_b/gen_dram.gen_rom.d_out_reg[4]' (FDE) to 'U0/i_synth/g_transpose_single_rate.i_transpose_single_rate/g_paths[0].g_coef_mem_array[0].i_mem/g_individual.g_mem_b.i_mem_b/gen_dram.gen_rom.d_out_reg[5]'
INFO: [Common 17-14] Message 'Synth 8-3886' appears 100 times and further instances of the messages will be disabled. Use the Tcl command set_msg_config to change the current settings.
INFO: [Synth 8-3333] propagating constant 0 across sequential element (U0/i_synth/\g_transpose_single_rate.i_transpose_single_rate/g_paths[0].g_coef_mem_array[0].i_mem/g_individual.g_mem_b.i_mem_b /\gen_dram.gen_rom.d_out_reg[8] )
INFO: [Synth 8-3333] propagating constant 0 across sequential element (U0/i_synth/\g_transpose_single_rate.i_transpose_single_rate/g_paths[0].g_coef_mem_array[0].i_mem/g_individual.i_mem_a /\gen_dram.gen_rom.d_out_reg[15] )
INFO: [Synth 8-3333] propagating constant 0 across sequential element (U0/i_synth/\g_transpose_single_rate.i_transpose_single_rate/g_m_data_chan_no_fifo.m_axis_data_tlast_int_reg )
INFO: [Synth 8-3333] propagating constant 0 across sequential element (U0/i_synth/\g_transpose_single_rate.i_transpose_single_rate/i_cntrl_opcode/gen_dly.gen_shiftreg.gen_rtl_delay.delay_bus_reg[0][12] )
INFO: [Synth 8-3333] propagating constant 0 across sequential element (U0/i_synth/\g_transpose_single_rate.i_transpose_single_rate/i_cntrl_opcode/gen_dly.gen_shiftreg.gen_rtl_delay.delay_bus_reg[0][12] )
---------------------------------------------------------------------------------
Finished Cross Boundary and Area Optimization : Time (s): cpu = 00:00:32 ; elapsed = 00:00:38 . Memory (MB): peak = 760.652 ; gain = 463.793
---------------------------------------------------------------------------------

Report RTL Partitions: 
+-+--------------+------------+----------+
| |RTL Partition |Replication |Instances |
+-+--------------+------------+----------+
+-+--------------+------------+----------+
---------------------------------------------------------------------------------
Start Applying XDC Timing Constraints
---------------------------------------------------------------------------------
---------------------------------------------------------------------------------
Finished Applying XDC Timing Constraints : Time (s): cpu = 00:00:51 ; elapsed = 00:00:56 . Memory (MB): peak = 823.988 ; gain = 527.129
---------------------------------------------------------------------------------
---------------------------------------------------------------------------------
Start Timing Optimization
---------------------------------------------------------------------------------
---------------------------------------------------------------------------------
Finished Timing Optimization : Time (s): cpu = 00:00:51 ; elapsed = 00:00:56 . Memory (MB): peak = 825.031 ; gain = 528.172
---------------------------------------------------------------------------------

Report RTL Partitions: 
+-+--------------+------------+----------+
| |RTL Partition |Replication |Instances |
+-+--------------+------------+----------+
+-+--------------+------------+----------+
---------------------------------------------------------------------------------
Start Technology Mapping
---------------------------------------------------------------------------------
---------------------------------------------------------------------------------
Finished Technology Mapping : Time (s): cpu = 00:00:51 ; elapsed = 00:00:57 . Memory (MB): peak = 844.699 ; gain = 547.840
---------------------------------------------------------------------------------

Report RTL Partitions: 
+-+--------------+------------+----------+
| |RTL Partition |Replication |Instances |
+-+--------------+------------+----------+
+-+--------------+------------+----------+
---------------------------------------------------------------------------------
Start IO Insertion
---------------------------------------------------------------------------------
---------------------------------------------------------------------------------
Start Flattening Before IO Insertion
---------------------------------------------------------------------------------
---------------------------------------------------------------------------------
Finished Flattening Before IO Insertion
---------------------------------------------------------------------------------
---------------------------------------------------------------------------------
Start Final Netlist Cleanup
---------------------------------------------------------------------------------
---------------------------------------------------------------------------------
Finished Final Netlist Cleanup
---------------------------------------------------------------------------------
---------------------------------------------------------------------------------
Finished IO Insertion : Time (s): cpu = 00:00:52 ; elapsed = 00:00:58 . Memory (MB): peak = 844.699 ; gain = 547.840
---------------------------------------------------------------------------------

Report Check Netlist: 
+------+------------------+-------+---------+-------+------------------+
|      |Item              |Errors |Warnings |Status |Description       |
+------+------------------+-------+---------+-------+------------------+
|1     |multi_driven_nets |      0|        0|Passed |Multi driven nets |
+------+------------------+-------+---------+-------+------------------+
---------------------------------------------------------------------------------
Start Renaming Generated Instances
---------------------------------------------------------------------------------
---------------------------------------------------------------------------------
Finished Renaming Generated Instances : Time (s): cpu = 00:00:52 ; elapsed = 00:00:58 . Memory (MB): peak = 844.699 ; gain = 547.840
---------------------------------------------------------------------------------

Report RTL Partitions: 
+-+--------------+------------+----------+
| |RTL Partition |Replication |Instances |
+-+--------------+------------+----------+
+-+--------------+------------+----------+
---------------------------------------------------------------------------------
Start Rebuilding User Hierarchy
---------------------------------------------------------------------------------
---------------------------------------------------------------------------------
Finished Rebuilding User Hierarchy : Time (s): cpu = 00:00:53 ; elapsed = 00:00:58 . Memory (MB): peak = 844.699 ; gain = 547.840
---------------------------------------------------------------------------------
---------------------------------------------------------------------------------
Start Renaming Generated Ports
---------------------------------------------------------------------------------
---------------------------------------------------------------------------------
Finished Renaming Generated Ports : Time (s): cpu = 00:00:53 ; elapsed = 00:00:58 . Memory (MB): peak = 844.699 ; gain = 547.840
---------------------------------------------------------------------------------
---------------------------------------------------------------------------------
Start Handling Custom Attributes
---------------------------------------------------------------------------------
---------------------------------------------------------------------------------
Finished Handling Custom Attributes : Time (s): cpu = 00:00:53 ; elapsed = 00:00:58 . Memory (MB): peak = 844.699 ; gain = 547.840
---------------------------------------------------------------------------------
---------------------------------------------------------------------------------
Start Renaming Generated Nets
---------------------------------------------------------------------------------
---------------------------------------------------------------------------------
Finished Renaming Generated Nets : Time (s): cpu = 00:00:53 ; elapsed = 00:00:58 . Memory (MB): peak = 844.699 ; gain = 547.840
---------------------------------------------------------------------------------
---------------------------------------------------------------------------------
Start Writing Synthesis Report
---------------------------------------------------------------------------------

Report BlackBoxes: 
+-+--------------+----------+
| |BlackBox name |Instances |
+-+--------------+----------+
+-+--------------+----------+

Report Cell Usage: 
+------+----------+------+
|      |Cell      |Count |
+------+----------+------+
|1     |DSP48E1   |     7|
|2     |DSP48E1_1 |     1|
|3     |LUT1      |     8|
|4     |LUT2      |     6|
|5     |LUT3      |     3|
|6     |LUT4      |     6|
|7     |SRL16E    |    25|
|8     |FDRE      |    99|
+------+----------+------+
---------------------------------------------------------------------------------
Finished Writing Synthesis Report : Time (s): cpu = 00:00:53 ; elapsed = 00:00:58 . Memory (MB): peak = 844.699 ; gain = 547.840
---------------------------------------------------------------------------------
Synthesis finished with 0 errors, 0 critical warnings and 155 warnings.
Synthesis Optimization Runtime : Time (s): cpu = 00:00:25 ; elapsed = 00:00:49 . Memory (MB): peak = 844.699 ; gain = 331.199
Synthesis Optimization Complete : Time (s): cpu = 00:00:53 ; elapsed = 00:00:59 . Memory (MB): peak = 844.699 ; gain = 547.840
INFO: [Project 1-571] Translating synthesized netlist
INFO: [Netlist 29-17] Analyzing 8 Unisim elements for replacement
INFO: [Netlist 29-28] Unisim Transformation completed in 0 CPU seconds
INFO: [Project 1-570] Preparing netlist for logic optimization
INFO: [Opt 31-138] Pushed 0 inverter(s) to 0 load pin(s).
Netlist sorting complete. Time (s): cpu = 00:00:00 ; elapsed = 00:00:00 . Memory (MB): peak = 844.699 ; gain = 0.000
INFO: [Project 1-111] Unisim Transformation Summary:
No Unisim elements were transformed.

INFO: [Common 17-83] Releasing license: Synthesis
160 Infos, 101 Warnings, 0 Critical Warnings and 0 Errors encountered.
synth_design completed successfully
synth_design: Time (s): cpu = 00:00:55 ; elapsed = 00:01:02 . Memory (MB): peak = 844.699 ; gain = 556.781
INFO: [Coretcl 2-1174] Renamed 36 cell refs.
Netlist sorting complete. Time (s): cpu = 00:00:00 ; elapsed = 00:00:00.001 . Memory (MB): peak = 844.699 ; gain = 0.000
WARNING: [Constraints 18-5210] No constraints selected for write.
Resolution: This message can indicate that there are no constraints for the design, or it can indicate that the used_in flags are set such that the constraints are ignored. This later case is used when running synth_design to not write synthesis constraints to the resulting checkpoint. Instead, project constraints are read when the synthesized design is opened.
INFO: [Common 17-1381] The checkpoint 'C:/Git/Frequency-comb-DPLL/Firmware Vivado Project/redpitaya.runs/fir_compiler_minimumphase_N_times_clk_synth_1/fir_compiler_minimumphase_N_times_clk.dcp' has been generated.
INFO: [runtcl-4] Executing : report_utilization -file fir_compiler_minimumphase_N_times_clk_utilization_synth.rpt -pb fir_compiler_minimumphase_N_times_clk_utilization_synth.pb
INFO: [Common 17-206] Exiting Vivado at Thu Feb 21 13:44:55 2019...
